{"/home/travis/build/npmtest/node-npmtest-detector/test.js":{"path":"/home/travis/build/npmtest/node-npmtest-detector/test.js","s":{"1":2,"2":2,"3":2,"4":2,"5":2,"6":2,"7":2,"8":1,"9":2,"10":2,"11":1,"12":1,"13":1,"14":1,"15":2,"16":2,"17":2,"18":2,"19":1,"20":1,"21":2,"22":2,"23":2,"24":1,"25":1,"26":1,"27":1,"28":1,"29":1,"30":1,"31":1,"32":1,"33":1,"34":1,"35":1,"36":1,"37":1,"38":1,"39":2,"40":2,"41":1,"42":2,"43":2,"44":1,"45":2,"46":2,"47":1,"48":2,"49":2,"50":1,"51":1,"52":1,"53":1,"54":1},"b":{"1":[2,1,1,1],"2":[1,1,1,1],"3":[1,1],"4":[1,1],"5":[1,1],"6":[1,1],"7":[1,1],"8":[1,1],"9":[1,1],"10":[1,1,1],"11":[1,1],"12":[1,1],"13":[1,1],"14":[1,1],"15":[1,1],"16":[1,1],"17":[1,1]},"f":{"1":2,"2":2,"3":2,"4":2,"5":2,"6":1,"7":1,"8":1,"9":2,"10":2,"11":2,"12":2,"13":1},"fnMap":{"1":{"name":"(anonymous_1)","line":12,"loc":{"start":{"line":12,"column":1},"end":{"line":12,"column":13}}},"2":{"name":"(anonymous_2)","line":19,"loc":{"start":{"line":19,"column":5},"end":{"line":19,"column":17}}},"3":{"name":"(anonymous_3)","line":23,"loc":{"start":{"line":23,"column":24},"end":{"line":23,"column":36}}},"4":{"name":"(anonymous_4)","line":61,"loc":{"start":{"line":61,"column":5},"end":{"line":61,"column":17}}},"5":{"name":"(anonymous_5)","line":82,"loc":{"start":{"line":82,"column":5},"end":{"line":82,"column":17}}},"6":{"name":"(anonymous_6)","line":91,"loc":{"start":{"line":91,"column":77},"end":{"line":94,"column":10}}},"7":{"name":"(anonymous_7)","line":112,"loc":{"start":{"line":112,"column":83},"end":{"line":115,"column":10}},"skip":true},"8":{"name":"(anonymous_8)","line":123,"loc":{"start":{"line":123,"column":77},"end":{"line":126,"column":10}},"skip":true},"9":{"name":"(anonymous_9)","line":139,"loc":{"start":{"line":139,"column":12},"end":{"line":139,"column":40}},"skip":true},"10":{"name":"(anonymous_10)","line":147,"loc":{"start":{"line":147,"column":77},"end":{"line":150,"column":10}},"skip":true},"11":{"name":"(anonymous_11)","line":158,"loc":{"start":{"line":158,"column":83},"end":{"line":161,"column":10}},"skip":true},"12":{"name":"(anonymous_12)","line":169,"loc":{"start":{"line":169,"column":79},"end":{"line":172,"column":10}},"skip":true},"13":{"name":"(anonymous_13)","line":180,"loc":{"start":{"line":180,"column":75},"end":{"line":183,"column":10}},"skip":true}},"statementMap":{"1":{"start":{"line":12,"column":0},"end":{"line":195,"column":5}},"2":{"start":{"line":14,"column":4},"end":{"line":14,"column":14}},"3":{"start":{"line":19,"column":4},"end":{"line":56,"column":9}},"4":{"start":{"line":21,"column":8},"end":{"line":21,"column":19}},"5":{"start":{"line":23,"column":8},"end":{"line":35,"column":13}},"6":{"start":{"line":24,"column":12},"end":{"line":34,"column":13}},"7":{"start":{"line":25,"column":16},"end":{"line":28,"column":30}},"8":{"start":{"line":30,"column":16},"end":{"line":33,"column":27}},"9":{"start":{"line":37,"column":8},"end":{"line":39,"column":21}},"10":{"start":{"line":40,"column":8},"end":{"line":53,"column":9}},"11":{"start":{"line":43,"column":12},"end":{"line":46,"column":14}},"12":{"start":{"line":47,"column":12},"end":{"line":47,"column":18}},"13":{"start":{"line":50,"column":12},"end":{"line":51,"column":33}},"14":{"start":{"line":52,"column":12},"end":{"line":52,"column":18}},"15":{"start":{"line":55,"column":8},"end":{"line":55,"column":35}},"16":{"start":{"line":61,"column":4},"end":{"line":63,"column":9}},"17":{"start":{"line":62,"column":8},"end":{"line":62,"column":15}},"18":{"start":{"line":64,"column":4},"end":{"line":77,"column":5}},"19":{"start":{"line":70,"column":8},"end":{"line":70,"column":14}},"20":{"start":{"line":76,"column":8},"end":{"line":76,"column":14}},"21":{"start":{"line":82,"column":4},"end":{"line":84,"column":9}},"22":{"start":{"line":83,"column":8},"end":{"line":83,"column":15}},"23":{"start":{"line":85,"column":4},"end":{"line":194,"column":5}},"24":{"start":{"line":91,"column":8},"end":{"line":99,"column":10}},"25":{"start":{"line":98,"column":12},"end":{"line":98,"column":35}},"26":{"start":{"line":102,"column":8},"end":{"line":104,"column":63}},"27":{"start":{"line":105,"column":8},"end":{"line":105,"column":14}},"28":{"start":{"line":112,"column":8},"end":{"line":121,"column":10},"skip":true},"29":{"start":{"line":119,"column":12},"end":{"line":119,"column":55},"skip":true},"30":{"start":{"line":120,"column":12},"end":{"line":120,"column":48},"skip":true},"31":{"start":{"line":123,"column":8},"end":{"line":136,"column":10},"skip":true},"32":{"start":{"line":130,"column":12},"end":{"line":130,"column":76},"skip":true},"33":{"start":{"line":131,"column":12},"end":{"line":131,"column":73},"skip":true},"34":{"start":{"line":132,"column":12},"end":{"line":132,"column":74},"skip":true},"35":{"start":{"line":133,"column":12},"end":{"line":133,"column":79},"skip":true},"36":{"start":{"line":134,"column":12},"end":{"line":134,"column":25},"skip":true},"37":{"start":{"line":135,"column":12},"end":{"line":135,"column":45},"skip":true},"38":{"start":{"line":138,"column":8},"end":{"line":145,"column":14},"skip":true},"39":{"start":{"line":143,"column":16},"end":{"line":143,"column":29},"skip":true},"40":{"start":{"line":144,"column":16},"end":{"line":144,"column":55},"skip":true},"41":{"start":{"line":147,"column":8},"end":{"line":156,"column":10},"skip":true},"42":{"start":{"line":154,"column":12},"end":{"line":154,"column":25},"skip":true},"43":{"start":{"line":155,"column":12},"end":{"line":155,"column":45},"skip":true},"44":{"start":{"line":158,"column":8},"end":{"line":167,"column":10},"skip":true},"45":{"start":{"line":165,"column":12},"end":{"line":165,"column":25},"skip":true},"46":{"start":{"line":166,"column":12},"end":{"line":166,"column":48},"skip":true},"47":{"start":{"line":169,"column":8},"end":{"line":178,"column":10},"skip":true},"48":{"start":{"line":176,"column":12},"end":{"line":176,"column":25},"skip":true},"49":{"start":{"line":177,"column":12},"end":{"line":177,"column":46},"skip":true},"50":{"start":{"line":180,"column":8},"end":{"line":189,"column":10},"skip":true},"51":{"start":{"line":187,"column":12},"end":{"line":187,"column":94},"skip":true},"52":{"start":{"line":188,"column":12},"end":{"line":188,"column":48},"skip":true},"53":{"start":{"line":192,"column":8},"end":{"line":192,"column":35},"skip":true},"54":{"start":{"line":193,"column":8},"end":{"line":193,"column":14},"skip":true}},"branchMap":{"1":{"line":25,"type":"binary-expr","locations":[{"start":{"line":25,"column":23},"end":{"line":25,"column":62}},{"start":{"line":26,"column":20},"end":{"line":26,"column":70}},{"start":{"line":27,"column":20},"end":{"line":27,"column":71}},{"start":{"line":28,"column":20},"end":{"line":28,"column":29}}]},"2":{"line":30,"type":"binary-expr","locations":[{"start":{"line":30,"column":23},"end":{"line":30,"column":37}},{"start":{"line":31,"column":20},"end":{"line":31,"column":61}},{"start":{"line":32,"column":20},"end":{"line":32,"column":70}},{"start":{"line":33,"column":20},"end":{"line":33,"column":26}}]},"3":{"line":37,"type":"cond-expr","locations":[{"start":{"line":38,"column":14},"end":{"line":38,"column":20}},{"start":{"line":39,"column":14},"end":{"line":39,"column":20}}]},"4":{"line":40,"type":"switch","locations":[{"start":{"line":42,"column":8},"end":{"line":47,"column":18}},{"start":{"line":49,"column":8},"end":{"line":52,"column":18}}]},"5":{"line":44,"type":"binary-expr","locations":[{"start":{"line":44,"column":16},"end":{"line":44,"column":44}},{"start":{"line":44,"column":48},"end":{"line":44,"column":66}}]},"6":{"line":50,"type":"binary-expr","locations":[{"start":{"line":50,"column":21},"end":{"line":50,"column":49}},{"start":{"line":50,"column":53},"end":{"line":50,"column":72}}]},"7":{"line":64,"type":"switch","locations":[{"start":{"line":69,"column":4},"end":{"line":70,"column":14}},{"start":{"line":75,"column":4},"end":{"line":76,"column":14}}]},"8":{"line":85,"type":"switch","locations":[{"start":{"line":90,"column":4},"end":{"line":105,"column":14}},{"start":{"line":111,"column":4},"end":{"line":193,"column":14},"skip":true}]},"9":{"line":91,"type":"binary-expr","locations":[{"start":{"line":91,"column":42},"end":{"line":91,"column":73}},{"start":{"line":91,"column":77},"end":{"line":99,"column":9}}]},"10":{"line":102,"type":"binary-expr","locations":[{"start":{"line":102,"column":18},"end":{"line":102,"column":32}},{"start":{"line":103,"column":12},"end":{"line":103,"column":53}},{"start":{"line":104,"column":12},"end":{"line":104,"column":61}}]},"11":{"line":112,"type":"binary-expr","locations":[{"start":{"line":112,"column":45},"end":{"line":112,"column":79},"skip":true},{"start":{"line":112,"column":83},"end":{"line":121,"column":9},"skip":true}]},"12":{"line":123,"type":"binary-expr","locations":[{"start":{"line":123,"column":42},"end":{"line":123,"column":73},"skip":true},{"start":{"line":123,"column":77},"end":{"line":136,"column":9},"skip":true}]},"13":{"line":138,"type":"binary-expr","locations":[{"start":{"line":138,"column":48},"end":{"line":138,"column":85},"skip":true},{"start":{"line":139,"column":12},"end":{"line":145,"column":13},"skip":true}]},"14":{"line":147,"type":"binary-expr","locations":[{"start":{"line":147,"column":42},"end":{"line":147,"column":73},"skip":true},{"start":{"line":147,"column":77},"end":{"line":156,"column":9},"skip":true}]},"15":{"line":158,"type":"binary-expr","locations":[{"start":{"line":158,"column":45},"end":{"line":158,"column":79},"skip":true},{"start":{"line":158,"column":83},"end":{"line":167,"column":9},"skip":true}]},"16":{"line":169,"type":"binary-expr","locations":[{"start":{"line":169,"column":43},"end":{"line":169,"column":75},"skip":true},{"start":{"line":169,"column":79},"end":{"line":178,"column":9},"skip":true}]},"17":{"line":180,"type":"binary-expr","locations":[{"start":{"line":180,"column":41},"end":{"line":180,"column":71},"skip":true},{"start":{"line":180,"column":75},"end":{"line":189,"column":9},"skip":true}]}},"code":["/* istanbul instrument in package npmtest_detector */","/*jslint","    bitwise: true,","    browser: true,","    maxerr: 8,","    maxlen: 96,","    node: true,","    nomen: true,","    regexp: true,","    stupid: true","*/","(function () {","    'use strict';","    var local;","","","","    // run shared js-env code - init-before","    (function () {","        // init local","        local = {};","        // init modeJs","        local.modeJs = (function () {","            try {","                return typeof navigator.userAgent === 'string' &&","                    typeof document.querySelector('body') === 'object' &&","                    typeof XMLHttpRequest.prototype.open === 'function' &&","                    'browser';","            } catch (errorCaughtBrowser) {","                return module.exports &&","                    typeof process.versions.node === 'string' &&","                    typeof require('http').createServer === 'function' &&","                    'node';","            }","        }());","        // init global","        local.global = local.modeJs === 'browser'","            ? window","            : global;","        switch (local.modeJs) {","        // re-init local from window.local","        case 'browser':","            local = local.global.utility2.objectSetDefault(","                local.global.utility2_rollup || local.global.local,","                local.global.utility2","            );","            break;","        // re-init local from example.js","        case 'node':","            local = (local.global.utility2_rollup || require('utility2'))","                .requireReadme();","            break;","        }","        // export local","        local.global.local = local;","    }());","","","","    // run shared js-env code - function","    (function () {","        return;","    }());","    switch (local.modeJs) {","","","","    // run browser js-env code - function","    case 'browser':","        break;","","","","    // run node js-env code - function","    case 'node':","        break;","    }","","","","    // run shared js-env code - init-after","    (function () {","        return;","    }());","    switch (local.modeJs) {","","","","    // run browser js-env code - init-after","    case 'browser':","        local.testCase_browser_nullCase = local.testCase_browser_nullCase || function (","            options,","            onError","        ) {","        /*","         * this function will test browsers's null-case handling-behavior-behavior","         */","            onError(null, options);","        };","","        // run tests","        local.nop(local.modeTest &&","            document.querySelector('#testRunButton1') &&","            document.querySelector('#testRunButton1').click());","        break;","","","","    // run node js-env code - init-after","    /* istanbul ignore next */","    case 'node':","        local.testCase_buildApidoc_default = local.testCase_buildApidoc_default || function (","            options,","            onError","        ) {","        /*","         * this function will test buildApidoc's default handling-behavior-behavior","         */","            options = { modulePathList: module.paths };","            local.buildApidoc(options, onError);","        };","","        local.testCase_buildApp_default = local.testCase_buildApp_default || function (","            options,","            onError","        ) {","        /*","         * this function will test buildApp's default handling-behavior-behavior","         */","            local.testCase_buildReadme_default(options, local.onErrorThrow);","            local.testCase_buildLib_default(options, local.onErrorThrow);","            local.testCase_buildTest_default(options, local.onErrorThrow);","            local.testCase_buildCustomOrg_default(options, local.onErrorThrow);","            options = [];","            local.buildApp(options, onError);","        };","","        local.testCase_buildCustomOrg_default = local.testCase_buildCustomOrg_default ||","            function (options, onError) {","            /*","             * this function will test buildCustomOrg's default handling-behavior","             */","                options = {};","                local.buildCustomOrg(options, onError);","            };","","        local.testCase_buildLib_default = local.testCase_buildLib_default || function (","            options,","            onError","        ) {","        /*","         * this function will test buildLib's default handling-behavior","         */","            options = {};","            local.buildLib(options, onError);","        };","","        local.testCase_buildReadme_default = local.testCase_buildReadme_default || function (","            options,","            onError","        ) {","        /*","         * this function will test buildReadme's default handling-behavior-behavior","         */","            options = {};","            local.buildReadme(options, onError);","        };","","        local.testCase_buildTest_default = local.testCase_buildTest_default || function (","            options,","            onError","        ) {","        /*","         * this function will test buildTest's default handling-behavior","         */","            options = {};","            local.buildTest(options, onError);","        };","","        local.testCase_webpage_default = local.testCase_webpage_default || function (","            options,","            onError","        ) {","        /*","         * this function will test webpage's default handling-behavior","         */","            options = { modeCoverageMerge: true, url: local.serverLocalHost + '?modeTest=1' };","            local.browserTest(options, onError);","        };","","        // run test-server","        local.testRunServer(local);","        break;","    }","}());",""],"l":{"12":2,"14":2,"19":2,"21":2,"23":2,"24":2,"25":2,"30":1,"37":2,"40":2,"43":1,"47":1,"50":1,"52":1,"55":2,"61":2,"62":2,"64":2,"70":1,"76":1,"82":2,"83":2,"85":2,"91":1,"98":1,"102":1,"105":1,"112":1,"119":1,"120":1,"123":1,"130":1,"131":1,"132":1,"133":1,"134":1,"135":1,"138":1,"143":2,"144":2,"147":1,"154":2,"155":2,"158":1,"165":2,"166":2,"169":1,"176":2,"177":2,"180":1,"187":1,"188":1,"192":1,"193":1}},"/home/travis/build/npmtest/node-npmtest-detector/lib.npmtest_detector.js":{"path":"/home/travis/build/npmtest/node-npmtest-detector/lib.npmtest_detector.js","s":{"1":2,"2":2,"3":2,"4":2,"5":2,"6":2,"7":2,"8":1,"9":2,"10":2,"11":2,"12":2,"13":1,"14":1,"15":1,"16":1},"b":{"1":[2,1,1,1],"2":[1,1,1,1],"3":[1,1],"4":[2,2],"5":[1,1]},"f":{"1":2,"2":2,"3":2},"fnMap":{"1":{"name":"(anonymous_1)","line":12,"loc":{"start":{"line":12,"column":1},"end":{"line":12,"column":13}}},"2":{"name":"(anonymous_2)","line":19,"loc":{"start":{"line":19,"column":5},"end":{"line":19,"column":17}}},"3":{"name":"(anonymous_3)","line":23,"loc":{"start":{"line":23,"column":24},"end":{"line":23,"column":36}}}},"statementMap":{"1":{"start":{"line":12,"column":0},"end":{"line":53,"column":5}},"2":{"start":{"line":14,"column":4},"end":{"line":14,"column":14}},"3":{"start":{"line":19,"column":4},"end":{"line":52,"column":9}},"4":{"start":{"line":21,"column":8},"end":{"line":21,"column":19}},"5":{"start":{"line":23,"column":8},"end":{"line":35,"column":13}},"6":{"start":{"line":24,"column":12},"end":{"line":34,"column":13}},"7":{"start":{"line":25,"column":16},"end":{"line":28,"column":30}},"8":{"start":{"line":30,"column":16},"end":{"line":33,"column":27}},"9":{"start":{"line":37,"column":8},"end":{"line":39,"column":21}},"10":{"start":{"line":41,"column":8},"end":{"line":41,"column":54}},"11":{"start":{"line":43,"column":8},"end":{"line":43,"column":53}},"12":{"start":{"line":45,"column":8},"end":{"line":51,"column":9}},"13":{"start":{"line":46,"column":12},"end":{"line":46,"column":59}},"14":{"start":{"line":48,"column":12},"end":{"line":48,"column":35}},"15":{"start":{"line":49,"column":12},"end":{"line":49,"column":49}},"16":{"start":{"line":50,"column":12},"end":{"line":50,"column":43}}},"branchMap":{"1":{"line":25,"type":"binary-expr","locations":[{"start":{"line":25,"column":23},"end":{"line":25,"column":62}},{"start":{"line":26,"column":20},"end":{"line":26,"column":70}},{"start":{"line":27,"column":20},"end":{"line":27,"column":71}},{"start":{"line":28,"column":20},"end":{"line":28,"column":29}}]},"2":{"line":30,"type":"binary-expr","locations":[{"start":{"line":30,"column":23},"end":{"line":30,"column":37}},{"start":{"line":31,"column":20},"end":{"line":31,"column":61}},{"start":{"line":32,"column":20},"end":{"line":32,"column":70}},{"start":{"line":33,"column":20},"end":{"line":33,"column":26}}]},"3":{"line":37,"type":"cond-expr","locations":[{"start":{"line":38,"column":14},"end":{"line":38,"column":20}},{"start":{"line":39,"column":14},"end":{"line":39,"column":20}}]},"4":{"line":41,"type":"binary-expr","locations":[{"start":{"line":41,"column":16},"end":{"line":41,"column":44}},{"start":{"line":41,"column":48},"end":{"line":41,"column":53}}]},"5":{"line":45,"type":"if","locations":[{"start":{"line":45,"column":8},"end":{"line":45,"column":8}},{"start":{"line":45,"column":8},"end":{"line":45,"column":8}}]}},"code":["/* istanbul instrument in package npmtest_detector */","/*jslint","    bitwise: true,","    browser: true,","    maxerr: 8,","    maxlen: 96,","    node: true,","    nomen: true,","    regexp: true,","    stupid: true","*/","(function () {","    'use strict';","    var local;","","","","    // run shared js-env code - init-before","    (function () {","        // init local","        local = {};","        // init modeJs","        local.modeJs = (function () {","            try {","                return typeof navigator.userAgent === 'string' &&","                    typeof document.querySelector('body') === 'object' &&","                    typeof XMLHttpRequest.prototype.open === 'function' &&","                    'browser';","            } catch (errorCaughtBrowser) {","                return module.exports &&","                    typeof process.versions.node === 'string' &&","                    typeof require('http').createServer === 'function' &&","                    'node';","            }","        }());","        // init global","        local.global = local.modeJs === 'browser'","            ? window","            : global;","        // init utility2_rollup","        local = local.global.utility2_rollup || local;","        // init lib","        local.local = local.npmtest_detector = local;","        // init exports","        if (local.modeJs === 'browser') {","            local.global.utility2_npmtest_detector = local;","        } else {","            module.exports = local;","            module.exports.__dirname = __dirname;","            module.exports.module = module;","        }","    }());","}());",""],"l":{"12":2,"14":2,"19":2,"21":2,"23":2,"24":2,"25":2,"30":1,"37":2,"41":2,"43":2,"45":2,"46":1,"48":1,"49":1,"50":1}},"/home/travis/build/npmtest/node-npmtest-detector/example.js":{"path":"/home/travis/build/npmtest/node-npmtest-detector/example.js","s":{"1":2,"2":2,"3":2,"4":2,"5":2,"6":2,"7":2,"8":1,"9":2,"10":2,"11":2,"12":2,"13":1,"14":2,"15":2,"16":2,"17":2,"18":2,"19":0,"20":2,"21":1,"22":1,"23":1,"24":1,"25":1,"26":0,"27":0,"28":1,"29":1,"30":2,"31":0,"32":0,"33":0,"34":1,"35":2,"36":2,"37":3,"38":3,"39":3,"40":3,"41":0,"42":3,"43":3,"44":3,"45":1,"46":3,"47":1,"48":1,"49":1,"50":1,"51":1,"52":1,"53":1,"54":1,"55":1,"56":1,"57":0,"58":1,"59":6,"60":6,"61":1,"62":2,"63":0,"64":2,"65":1,"66":1,"67":0,"68":0,"69":0,"70":0,"71":0,"72":0,"73":0,"74":0,"75":0,"76":0,"77":0,"78":0,"79":0,"80":0,"81":0,"82":0,"83":0},"b":{"1":[2,1,1,1],"2":[1,1,1,1],"3":[1,1],"4":[2,2],"5":[1,1],"6":[1,1],"7":[2,0],"8":[2,1,1,1,1,1],"9":[0,2,0],"10":[1,1],"11":[2,1,1],"12":[1,0],"13":[0,2],"14":[2,0,0,0,0,0,0],"15":[0,3],"16":[3,0],"17":[1,1],"18":[0,1],"19":[1,2,0,2],"20":[1,0],"21":[1,1],"22":[0,0],"23":[0,0],"24":[0,0],"25":[0,0],"26":[0,0],"27":[0,0],"28":[0,0]},"f":{"1":2,"2":2,"3":2,"4":2,"5":2,"6":2,"7":3,"8":3,"9":3,"10":1,"11":6,"12":0},"fnMap":{"1":{"name":"(anonymous_1)","line":26,"loc":{"start":{"line":26,"column":1},"end":{"line":26,"column":13}}},"2":{"name":"(anonymous_2)","line":33,"loc":{"start":{"line":33,"column":5},"end":{"line":33,"column":17}}},"3":{"name":"(anonymous_3)","line":37,"loc":{"start":{"line":37,"column":24},"end":{"line":37,"column":36}}},"4":{"name":"(anonymous_4)","line":69,"loc":{"start":{"line":69,"column":31},"end":{"line":69,"column":48}},"skip":true},"5":{"name":"(anonymous_5)","line":78,"loc":{"start":{"line":78,"column":26},"end":{"line":78,"column":45}},"skip":true},"6":{"name":"(anonymous_6)","line":123,"loc":{"start":{"line":123,"column":33},"end":{"line":123,"column":48}},"skip":true},"7":{"name":"(anonymous_7)","line":125,"loc":{"start":{"line":125,"column":27},"end":{"line":125,"column":39}},"skip":true},"8":{"name":"(anonymous_8)","line":133,"loc":{"start":{"line":133,"column":59},"end":{"line":133,"column":74}},"skip":true},"9":{"name":"(anonymous_9)","line":143,"loc":{"start":{"line":143,"column":45},"end":{"line":143,"column":62}},"skip":true},"10":{"name":"(anonymous_10)","line":144,"loc":{"start":{"line":144,"column":73},"end":{"line":144,"column":92}},"skip":true},"11":{"name":"(anonymous_11)","line":272,"loc":{"start":{"line":272,"column":51},"end":{"line":272,"column":77}},"skip":true},"12":{"name":"(anonymous_12)","line":315,"loc":{"start":{"line":315,"column":32},"end":{"line":315,"column":61}},"skip":true}},"statementMap":{"1":{"start":{"line":26,"column":0},"end":{"line":326,"column":5}},"2":{"start":{"line":28,"column":4},"end":{"line":28,"column":14}},"3":{"start":{"line":33,"column":4},"end":{"line":60,"column":9}},"4":{"start":{"line":35,"column":8},"end":{"line":35,"column":19}},"5":{"start":{"line":37,"column":8},"end":{"line":49,"column":13}},"6":{"start":{"line":38,"column":12},"end":{"line":48,"column":13}},"7":{"start":{"line":39,"column":16},"end":{"line":42,"column":30}},"8":{"start":{"line":44,"column":16},"end":{"line":47,"column":27}},"9":{"start":{"line":51,"column":8},"end":{"line":53,"column":21}},"10":{"start":{"line":55,"column":8},"end":{"line":57,"column":45}},"11":{"start":{"line":59,"column":8},"end":{"line":59,"column":35}},"12":{"start":{"line":61,"column":4},"end":{"line":325,"column":5}},"13":{"start":{"line":69,"column":8},"end":{"line":121,"column":10},"skip":true},"14":{"start":{"line":70,"column":12},"end":{"line":88,"column":13},"skip":true},"15":{"start":{"line":76,"column":16},"end":{"line":87,"column":19},"skip":true},"16":{"start":{"line":79,"column":20},"end":{"line":86,"column":21},"skip":true},"17":{"start":{"line":82,"column":24},"end":{"line":82,"column":43},"skip":true},"18":{"start":{"line":83,"column":24},"end":{"line":83,"column":30},"skip":true},"19":{"start":{"line":85,"column":24},"end":{"line":85,"column":49},"skip":true},"20":{"start":{"line":89,"column":12},"end":{"line":107,"column":13},"skip":true},"21":{"start":{"line":92,"column":16},"end":{"line":102,"column":17},"skip":true},"22":{"start":{"line":93,"column":20},"end":{"line":93,"column":86},"skip":true},"23":{"start":{"line":94,"column":20},"end":{"line":95,"column":45},"skip":true},"24":{"start":{"line":96,"column":20},"end":{"line":96,"column":42},"skip":true},"25":{"start":{"line":97,"column":20},"end":{"line":97,"column":48},"skip":true},"26":{"start":{"line":100,"column":20},"end":{"line":100,"column":85},"skip":true},"27":{"start":{"line":101,"column":20},"end":{"line":101,"column":96},"skip":true},"28":{"start":{"line":103,"column":16},"end":{"line":103,"column":22},"skip":true},"29":{"start":{"line":106,"column":16},"end":{"line":106,"column":22},"skip":true},"30":{"start":{"line":108,"column":12},"end":{"line":120,"column":13},"skip":true},"31":{"start":{"line":114,"column":16},"end":{"line":119,"column":17},"skip":true},"32":{"start":{"line":116,"column":20},"end":{"line":116,"column":78},"skip":true},"33":{"start":{"line":118,"column":20},"end":{"line":118,"column":47},"skip":true},"34":{"start":{"line":123,"column":8},"end":{"line":141,"column":11},"skip":true},"35":{"start":{"line":124,"column":12},"end":{"line":124,"column":54},"skip":true},"36":{"start":{"line":125,"column":12},"end":{"line":140,"column":14},"skip":true},"37":{"start":{"line":126,"column":16},"end":{"line":126,"column":28},"skip":true},"38":{"start":{"line":127,"column":16},"end":{"line":127,"column":69},"skip":true},"39":{"start":{"line":128,"column":16},"end":{"line":128,"column":75},"skip":true},"40":{"start":{"line":129,"column":16},"end":{"line":131,"column":17},"skip":true},"41":{"start":{"line":130,"column":20},"end":{"line":130,"column":27},"skip":true},"42":{"start":{"line":133,"column":16},"end":{"line":137,"column":36},"skip":true},"43":{"start":{"line":134,"column":20},"end":{"line":136,"column":55},"skip":true},"44":{"start":{"line":139,"column":16},"end":{"line":139,"column":57},"skip":true},"45":{"start":{"line":143,"column":8},"end":{"line":147,"column":11},"skip":true},"46":{"start":{"line":144,"column":12},"end":{"line":146,"column":15},"skip":true},"47":{"start":{"line":145,"column":16},"end":{"line":145,"column":70},"skip":true},"48":{"start":{"line":149,"column":8},"end":{"line":149,"column":31},"skip":true},"49":{"start":{"line":150,"column":8},"end":{"line":150,"column":14},"skip":true},"50":{"start":{"line":158,"column":8},"end":{"line":158,"column":31},"skip":true},"51":{"start":{"line":160,"column":8},"end":{"line":160,"column":33},"skip":true},"52":{"start":{"line":161,"column":8},"end":{"line":161,"column":37},"skip":true},"53":{"start":{"line":162,"column":8},"end":{"line":162,"column":35},"skip":true},"54":{"start":{"line":164,"column":8},"end":{"line":164,"column":50},"skip":true},"55":{"start":{"line":166,"column":8},"end":{"line":256,"column":2},"skip":true},"56":{"start":{"line":258,"column":8},"end":{"line":286,"column":9},"skip":true},"57":{"start":{"line":259,"column":12},"end":{"line":269,"column":14},"skip":true},"58":{"start":{"line":271,"column":12},"end":{"line":285,"column":19},"skip":true},"59":{"start":{"line":274,"column":20},"end":{"line":274,"column":35},"skip":true},"60":{"start":{"line":275,"column":20},"end":{"line":284,"column":21},"skip":true},"61":{"start":{"line":277,"column":24},"end":{"line":277,"column":64},"skip":true},"62":{"start":{"line":279,"column":24},"end":{"line":279,"column":40},"skip":true},"63":{"start":{"line":281,"column":24},"end":{"line":281,"column":40},"skip":true},"64":{"start":{"line":283,"column":24},"end":{"line":283,"column":39},"skip":true},"65":{"start":{"line":288,"column":8},"end":{"line":290,"column":9},"skip":true},"66":{"start":{"line":289,"column":12},"end":{"line":289,"column":18},"skip":true},"67":{"start":{"line":291,"column":8},"end":{"line":293,"column":54},"skip":true},"68":{"start":{"line":296,"column":8},"end":{"line":301,"column":37},"skip":true},"69":{"start":{"line":303,"column":8},"end":{"line":303,"column":82},"skip":true},"70":{"start":{"line":306,"column":8},"end":{"line":308,"column":9},"skip":true},"71":{"start":{"line":307,"column":12},"end":{"line":307,"column":82},"skip":true},"72":{"start":{"line":310,"column":8},"end":{"line":312,"column":9},"skip":true},"73":{"start":{"line":311,"column":12},"end":{"line":311,"column":18},"skip":true},"74":{"start":{"line":313,"column":8},"end":{"line":313,"column":54},"skip":true},"75":{"start":{"line":314,"column":8},"end":{"line":314,"column":69},"skip":true},"76":{"start":{"line":315,"column":8},"end":{"line":323,"column":36},"skip":true},"77":{"start":{"line":316,"column":12},"end":{"line":316,"column":61},"skip":true},"78":{"start":{"line":317,"column":12},"end":{"line":320,"column":13},"skip":true},"79":{"start":{"line":318,"column":16},"end":{"line":318,"column":75},"skip":true},"80":{"start":{"line":319,"column":16},"end":{"line":319,"column":23},"skip":true},"81":{"start":{"line":321,"column":12},"end":{"line":321,"column":38},"skip":true},"82":{"start":{"line":322,"column":12},"end":{"line":322,"column":27},"skip":true},"83":{"start":{"line":324,"column":8},"end":{"line":324,"column":14},"skip":true}},"branchMap":{"1":{"line":39,"type":"binary-expr","locations":[{"start":{"line":39,"column":23},"end":{"line":39,"column":62}},{"start":{"line":40,"column":20},"end":{"line":40,"column":70}},{"start":{"line":41,"column":20},"end":{"line":41,"column":71}},{"start":{"line":42,"column":20},"end":{"line":42,"column":29}}]},"2":{"line":44,"type":"binary-expr","locations":[{"start":{"line":44,"column":23},"end":{"line":44,"column":37}},{"start":{"line":45,"column":20},"end":{"line":45,"column":61}},{"start":{"line":46,"column":20},"end":{"line":46,"column":70}},{"start":{"line":47,"column":20},"end":{"line":47,"column":26}}]},"3":{"line":51,"type":"cond-expr","locations":[{"start":{"line":52,"column":14},"end":{"line":52,"column":20}},{"start":{"line":53,"column":14},"end":{"line":53,"column":20}}]},"4":{"line":55,"type":"binary-expr","locations":[{"start":{"line":55,"column":16},"end":{"line":55,"column":44}},{"start":{"line":55,"column":49},"end":{"line":57,"column":43}}]},"5":{"line":55,"type":"cond-expr","locations":[{"start":{"line":56,"column":14},"end":{"line":56,"column":52}},{"start":{"line":57,"column":14},"end":{"line":57,"column":43}}]},"6":{"line":61,"type":"switch","locations":[{"start":{"line":68,"column":4},"end":{"line":150,"column":14},"skip":true},{"start":{"line":156,"column":4},"end":{"line":324,"column":14},"skip":true}]},"7":{"line":70,"type":"if","locations":[{"start":{"line":70,"column":12},"end":{"line":70,"column":12},"skip":true},{"start":{"line":70,"column":12},"end":{"line":70,"column":12},"skip":true}]},"8":{"line":70,"type":"binary-expr","locations":[{"start":{"line":70,"column":16},"end":{"line":70,"column":22},"skip":true},{"start":{"line":70,"column":27},"end":{"line":70,"column":32},"skip":true},{"start":{"line":71,"column":20},"end":{"line":71,"column":39},"skip":true},{"start":{"line":72,"column":20},"end":{"line":72,"column":49},"skip":true},{"start":{"line":73,"column":20},"end":{"line":73,"column":58},"skip":true},{"start":{"line":74,"column":20},"end":{"line":74,"column":69},"skip":true}]},"9":{"line":79,"type":"switch","locations":[{"start":{"line":80,"column":20},"end":{"line":80,"column":33},"skip":true},{"start":{"line":81,"column":20},"end":{"line":83,"column":30},"skip":true},{"start":{"line":84,"column":20},"end":{"line":85,"column":49},"skip":true}]},"10":{"line":89,"type":"switch","locations":[{"start":{"line":90,"column":12},"end":{"line":103,"column":22},"skip":true},{"start":{"line":105,"column":12},"end":{"line":106,"column":22},"skip":true}]},"11":{"line":89,"type":"binary-expr","locations":[{"start":{"line":89,"column":20},"end":{"line":89,"column":25},"skip":true},{"start":{"line":89,"column":29},"end":{"line":89,"column":48},"skip":true},{"start":{"line":89,"column":52},"end":{"line":89,"column":74},"skip":true}]},"12":{"line":92,"type":"if","locations":[{"start":{"line":92,"column":16},"end":{"line":92,"column":16},"skip":true},{"start":{"line":92,"column":16},"end":{"line":92,"column":16},"skip":true}]},"13":{"line":108,"type":"if","locations":[{"start":{"line":108,"column":12},"end":{"line":108,"column":12},"skip":true},{"start":{"line":108,"column":12},"end":{"line":108,"column":12},"skip":true}]},"14":{"line":108,"type":"binary-expr","locations":[{"start":{"line":108,"column":16},"end":{"line":108,"column":61},"skip":true},{"start":{"line":108,"column":66},"end":{"line":108,"column":72},"skip":true},{"start":{"line":108,"column":77},"end":{"line":108,"column":82},"skip":true},{"start":{"line":109,"column":20},"end":{"line":109,"column":39},"skip":true},{"start":{"line":110,"column":20},"end":{"line":110,"column":49},"skip":true},{"start":{"line":111,"column":20},"end":{"line":111,"column":58},"skip":true},{"start":{"line":112,"column":20},"end":{"line":112,"column":68},"skip":true}]},"15":{"line":129,"type":"if","locations":[{"start":{"line":129,"column":16},"end":{"line":129,"column":16},"skip":true},{"start":{"line":129,"column":16},"end":{"line":129,"column":16},"skip":true}]},"16":{"line":134,"type":"cond-expr","locations":[{"start":{"line":135,"column":26},"end":{"line":135,"column":29},"skip":true},{"start":{"line":136,"column":26},"end":{"line":136,"column":54},"skip":true}]},"17":{"line":164,"type":"binary-expr","locations":[{"start":{"line":164,"column":27},"end":{"line":164,"column":43},"skip":true},{"start":{"line":164,"column":47},"end":{"line":164,"column":49},"skip":true}]},"18":{"line":258,"type":"if","locations":[{"start":{"line":258,"column":8},"end":{"line":258,"column":8},"skip":true},{"start":{"line":258,"column":8},"end":{"line":258,"column":8},"skip":true}]},"19":{"line":275,"type":"switch","locations":[{"start":{"line":276,"column":20},"end":{"line":277,"column":64},"skip":true},{"start":{"line":278,"column":20},"end":{"line":279,"column":40},"skip":true},{"start":{"line":280,"column":20},"end":{"line":281,"column":40},"skip":true},{"start":{"line":282,"column":20},"end":{"line":283,"column":39},"skip":true}]},"20":{"line":288,"type":"if","locations":[{"start":{"line":288,"column":8},"end":{"line":288,"column":8},"skip":true},{"start":{"line":288,"column":8},"end":{"line":288,"column":8},"skip":true}]},"21":{"line":288,"type":"binary-expr","locations":[{"start":{"line":288,"column":12},"end":{"line":288,"column":40},"skip":true},{"start":{"line":288,"column":44},"end":{"line":288,"column":67},"skip":true}]},"22":{"line":292,"type":"binary-expr","locations":[{"start":{"line":292,"column":12},"end":{"line":292,"column":50},"skip":true},{"start":{"line":293,"column":12},"end":{"line":293,"column":53},"skip":true}]},"23":{"line":297,"type":"binary-expr","locations":[{"start":{"line":297,"column":12},"end":{"line":297,"column":66},"skip":true},{"start":{"line":298,"column":12},"end":{"line":301,"column":36},"skip":true}]},"24":{"line":303,"type":"binary-expr","locations":[{"start":{"line":303,"column":43},"end":{"line":303,"column":75},"skip":true},{"start":{"line":303,"column":79},"end":{"line":303,"column":81},"skip":true}]},"25":{"line":306,"type":"if","locations":[{"start":{"line":306,"column":8},"end":{"line":306,"column":8},"skip":true},{"start":{"line":306,"column":8},"end":{"line":306,"column":8},"skip":true}]},"26":{"line":310,"type":"if","locations":[{"start":{"line":310,"column":8},"end":{"line":310,"column":8},"skip":true},{"start":{"line":310,"column":8},"end":{"line":310,"column":8},"skip":true}]},"27":{"line":313,"type":"binary-expr","locations":[{"start":{"line":313,"column":27},"end":{"line":313,"column":43},"skip":true},{"start":{"line":313,"column":47},"end":{"line":313,"column":53},"skip":true}]},"28":{"line":317,"type":"if","locations":[{"start":{"line":317,"column":12},"end":{"line":317,"column":12},"skip":true},{"start":{"line":317,"column":12},"end":{"line":317,"column":12},"skip":true}]}},"code":["/*","example.js","","quickstart example","","instruction","    1. save this script as example.js","    2. run the shell command:","        $ npm install npmtest-detector && PORT=8081 node example.js","    3. play with the browser-demo on http://127.0.0.1:8081","*/","","","","/* istanbul instrument in package npmtest_detector */","/*jslint","    bitwise: true,","    browser: true,","    maxerr: 8,","    maxlen: 96,","    node: true,","    nomen: true,","    regexp: true,","    stupid: true","*/","(function () {","    'use strict';","    var local;","","","","    // run shared js-env code - init-before","    (function () {","        // init local","        local = {};","        // init modeJs","        local.modeJs = (function () {","            try {","                return typeof navigator.userAgent === 'string' &&","                    typeof document.querySelector('body') === 'object' &&","                    typeof XMLHttpRequest.prototype.open === 'function' &&","                    'browser';","            } catch (errorCaughtBrowser) {","                return module.exports &&","                    typeof process.versions.node === 'string' &&","                    typeof require('http').createServer === 'function' &&","                    'node';","            }","        }());","        // init global","        local.global = local.modeJs === 'browser'","            ? window","            : global;","        // init utility2_rollup","        local = local.global.utility2_rollup || (local.modeJs === 'browser'","            ? local.global.utility2_npmtest_detector","            : global.utility2_moduleExports);","        // export local","        local.global.local = local;","    }());","    switch (local.modeJs) {","","","","    // init-after","    // run browser js-env code - init-after","    /* istanbul ignore next */","    case 'browser':","        local.testRunBrowser = function (event) {","            if (!event || (event &&","                    event.currentTarget &&","                    event.currentTarget.className &&","                    event.currentTarget.className.includes &&","                    event.currentTarget.className.includes('onreset'))) {","                // reset output","                Array.from(","                    document.querySelectorAll('body > .resettable')","                ).forEach(function (element) {","                    switch (element.tagName) {","                    case 'INPUT':","                    case 'TEXTAREA':","                        element.value = '';","                        break;","                    default:","                        element.textContent = '';","                    }","                });","            }","            switch (event && event.currentTarget && event.currentTarget.id) {","            case 'testRunButton1':","                // show tests","                if (document.querySelector('#testReportDiv1').style.display === 'none') {","                    document.querySelector('#testReportDiv1').style.display = 'block';","                    document.querySelector('#testRunButton1').textContent =","                        'hide internal test';","                    local.modeTest = true;","                    local.testRunDefault(local);","                // hide tests","                } else {","                    document.querySelector('#testReportDiv1').style.display = 'none';","                    document.querySelector('#testRunButton1').textContent = 'run internal test';","                }","                break;","            // custom-case","            default:","                break;","            }","            if (document.querySelector('#inputTextareaEval1') && (!event || (event &&","                    event.currentTarget &&","                    event.currentTarget.className &&","                    event.currentTarget.className.includes &&","                    event.currentTarget.className.includes('oneval')))) {","                // try to eval input-code","                try {","                    /*jslint evil: true*/","                    eval(document.querySelector('#inputTextareaEval1').value);","                } catch (errorCaught) {","                    console.error(errorCaught);","                }","            }","        };","        // log stderr and stdout to #outputTextareaStdout1","        ['error', 'log'].forEach(function (key) {","            console[key + '_original'] = console[key];","            console[key] = function () {","                var element;","                console[key + '_original'].apply(console, arguments);","                element = document.querySelector('#outputTextareaStdout1');","                if (!element) {","                    return;","                }","                // append text to #outputTextareaStdout1","                element.value += Array.from(arguments).map(function (arg) {","                    return typeof arg === 'string'","                        ? arg","                        : JSON.stringify(arg, null, 4);","                }).join(' ') + '\\n';","                // scroll textarea to bottom","                element.scrollTop = element.scrollHeight;","            };","        });","        // init event-handling","        ['change', 'click', 'keyup'].forEach(function (event) {","            Array.from(document.querySelectorAll('.on' + event)).forEach(function (element) {","                element.addEventListener(event, local.testRunBrowser);","            });","        });","        // run tests","        local.testRunBrowser();","        break;","","","","    // run node js-env code - init-after","    /* istanbul ignore next */","    case 'node':","        // export local","        module.exports = local;","        // require modules","        local.fs = require('fs');","        local.http = require('http');","        local.url = require('url');","        // init assets","        local.assetsDict = local.assetsDict || {};","        /* jslint-ignore-begin */","        local.assetsDict['/assets.index.template.html'] = '\\","<!doctype html>\\n\\","<html lang=\"en\">\\n\\","<head>\\n\\","<meta charset=\"UTF-8\">\\n\\","<meta name=\"viewport\" content=\"width=device-width, initial-scale=1\">\\n\\","<title>{{env.npm_package_name}} (v{{env.npm_package_version}})</title>\\n\\","<style>\\n\\","/*csslint\\n\\","    box-sizing: false,\\n\\","    universal-selector: false\\n\\","*/\\n\\","* {\\n\\","    box-sizing: border-box;\\n\\","}\\n\\","body {\\n\\","    background: #dde;\\n\\","    font-family: Arial, Helvetica, sans-serif;\\n\\","    margin: 2rem;\\n\\","}\\n\\","body > * {\\n\\","    margin-bottom: 1rem;\\n\\","}\\n\\",".utility2FooterDiv {\\n\\","    margin-top: 20px;\\n\\","    text-align: center;\\n\\","}\\n\\","</style>\\n\\","<style>\\n\\","/*csslint\\n\\","*/\\n\\","textarea {\\n\\","    font-family: monospace;\\n\\","    height: 10rem;\\n\\","    width: 100%;\\n\\","}\\n\\","textarea[readonly] {\\n\\","    background: #ddd;\\n\\","}\\n\\","</style>\\n\\","</head>\\n\\","<body>\\n\\","<!-- utility2-comment\\n\\","<div id=\"ajaxProgressDiv1\" style=\"background: #d00; height: 2px; left: 0; margin: 0; padding: 0; position: fixed; top: 0; transition: background 0.5s, width 1.5s; width: 25%;\"></div>\\n\\","utility2-comment -->\\n\\","<h1>\\n\\","<!-- utility2-comment\\n\\","    <a\\n\\","        {{#if env.npm_package_homepage}}\\n\\","        href=\"{{env.npm_package_homepage}}\"\\n\\","        {{/if env.npm_package_homepage}}\\n\\","        target=\"_blank\"\\n\\","    >\\n\\","utility2-comment -->\\n\\","        {{env.npm_package_name}} (v{{env.npm_package_version}})\\n\\","<!-- utility2-comment\\n\\","    </a>\\n\\","utility2-comment -->\\n\\","</h1>\\n\\","<h3>{{env.npm_package_description}}</h3>\\n\\","<!-- utility2-comment\\n\\","<h4><a download href=\"assets.app.js\">download standalone app</a></h4>\\n\\","<button class=\"onclick onreset\" id=\"testRunButton1\">run internal test</button><br>\\n\\","<div id=\"testReportDiv1\" style=\"display: none;\"></div>\\n\\","utility2-comment -->\\n\\","\\n\\","\\n\\","\\n\\","<label>stderr and stdout</label>\\n\\","<textarea class=\"resettable\" id=\"outputTextareaStdout1\" readonly></textarea>\\n\\","<!-- utility2-comment\\n\\","{{#if isRollup}}\\n\\","<script src=\"assets.app.js\"></script>\\n\\","{{#unless isRollup}}\\n\\","utility2-comment -->\\n\\","<script src=\"assets.utility2.rollup.js\"></script>\\n\\","<script src=\"jsonp.utility2._stateInit?callback=window.utility2._stateInit\"></script>\\n\\","<script src=\"assets.npmtest_detector.rollup.js\"></script>\\n\\","<script src=\"assets.example.js\"></script>\\n\\","<script src=\"assets.test.js\"></script>\\n\\","<!-- utility2-comment\\n\\","{{/if isRollup}}\\n\\","utility2-comment -->\\n\\","<div class=\"utility2FooterDiv\">\\n\\","    [ this app was created with\\n\\","    <a href=\"https://github.com/kaizhu256/node-utility2\" target=\"_blank\">utility2</a>\\n\\","    ]\\n\\","</div>\\n\\","</body>\\n\\","</html>\\n\\","';","        /* jslint-ignore-end */","        if (local.templateRender) {","            local.assetsDict['/'] = local.templateRender(","                local.assetsDict['/assets.index.template.html'],","                {","                    env: local.objectSetDefault(local.env, {","                        npm_package_description: 'the greatest app in the world!',","                        npm_package_name: 'my-app',","                        npm_package_nameAlias: 'my_app',","                        npm_package_version: '0.0.1'","                    })","                }","            );","        } else {","            local.assetsDict['/'] = local.assetsDict['/assets.index.template.html']","                .replace((/\\{\\{env\\.(\\w+?)\\}\\}/g), function (match0, match1) {","                    // jslint-hack","                    String(match0);","                    switch (match1) {","                    case 'npm_package_description':","                        return 'the greatest app in the world!';","                    case 'npm_package_name':","                        return 'my-app';","                    case 'npm_package_nameAlias':","                        return 'my_app';","                    case 'npm_package_version':","                        return '0.0.1';","                    }","                });","        }","        // run the cli","        if (local.global.utility2_rollup || module !== require.main) {","            break;","        }","        local.assetsDict['/assets.example.js'] =","            local.assetsDict['/assets.example.js'] ||","            local.fs.readFileSync(__filename, 'utf8');","        // bug-workaround - long $npm_package_buildCustomOrg","        /* jslint-ignore-begin */","        local.assetsDict['/assets.npmtest_detector.rollup.js'] =","            local.assetsDict['/assets.npmtest_detector.rollup.js'] ||","            local.fs.readFileSync(","                local.npmtest_detector.__dirname + '/lib.npmtest_detector.js',","                'utf8'","            ).replace((/^#!/), '//');","        /* jslint-ignore-end */","        local.assetsDict['/favicon.ico'] = local.assetsDict['/favicon.ico'] || '';","        // if $npm_config_timeout_exit exists,","        // then exit this process after $npm_config_timeout_exit ms","        if (Number(process.env.npm_config_timeout_exit)) {","            setTimeout(process.exit, Number(process.env.npm_config_timeout_exit));","        }","        // start server","        if (local.global.utility2_serverHttp1) {","            break;","        }","        process.env.PORT = process.env.PORT || '8081';","        console.error('server starting on port ' + process.env.PORT);","        local.http.createServer(function (request, response) {","            request.urlParsed = local.url.parse(request.url);","            if (local.assetsDict[request.urlParsed.pathname] !== undefined) {","                response.end(local.assetsDict[request.urlParsed.pathname]);","                return;","            }","            response.statusCode = 404;","            response.end();","        }).listen(process.env.PORT);","        break;","    }","}());",""],"l":{"26":2,"28":2,"33":2,"35":2,"37":2,"38":2,"39":2,"44":1,"51":2,"55":2,"59":2,"61":2,"69":1,"70":2,"76":2,"79":2,"82":2,"83":2,"85":1,"89":2,"92":1,"93":1,"94":1,"96":1,"97":1,"100":1,"101":1,"103":1,"106":1,"108":2,"114":1,"116":1,"118":1,"123":1,"124":2,"125":2,"126":3,"127":3,"128":3,"129":3,"130":1,"133":3,"134":3,"139":3,"143":1,"144":3,"145":1,"149":1,"150":1,"158":1,"160":1,"161":1,"162":1,"164":1,"166":1,"258":1,"259":1,"271":1,"274":6,"275":6,"277":1,"279":2,"281":1,"283":2,"288":1,"289":1,"291":1,"296":1,"303":1,"306":1,"307":1,"310":1,"311":1,"313":1,"314":1,"315":1,"316":1,"317":1,"318":1,"319":1,"321":1,"322":1,"324":1}},"/home/travis/build/npmtest/node-npmtest-detector/node_modules/detector/lib/node-detector.js":{"path":"/home/travis/build/npmtest/node-npmtest-detector/node_modules/detector/lib/node-detector.js","s":{"1":1,"2":1,"3":1,"4":1},"b":{},"f":{},"fnMap":{},"statementMap":{"1":{"start":{"line":3,"column":0},"end":{"line":3,"column":39}},"2":{"start":{"line":4,"column":0},"end":{"line":4,"column":33}},"3":{"start":{"line":6,"column":0},"end":{"line":6,"column":37}},"4":{"start":{"line":8,"column":0},"end":{"line":8,"column":26}}},"branchMap":{},"code":["\"use strict\";","","const Detector = require(\"./detector\");","const Rules = require(\"./rules\");","","const detector = new Detector(Rules);","","module.exports = detector;",""],"l":{"3":1,"4":1,"6":1,"8":1}},"/home/travis/build/npmtest/node-npmtest-detector/node_modules/detector/lib/detector.js":{"path":"/home/travis/build/npmtest/node-npmtest-detector/node_modules/detector/lib/detector.js","s":{"1":1,"2":1,"3":1,"4":4,"5":0,"6":1,"7":1,"8":1,"9":1,"10":1,"11":0,"12":0,"13":0,"14":1,"15":0,"16":0,"17":0,"18":0,"19":0,"20":0,"21":0,"22":0,"23":0,"24":0,"25":0,"26":0,"27":0,"28":0,"29":0,"30":0,"31":0,"32":0,"33":0,"34":0,"35":1,"36":0,"37":0,"38":0,"39":0,"40":0,"41":0,"42":0,"43":1,"44":0,"45":0,"46":0,"47":0,"48":0,"49":0,"50":0,"51":0,"52":0,"53":0,"54":0,"55":0,"56":0,"57":0,"58":0,"59":0,"60":0,"61":0,"62":0,"63":0,"64":0,"65":0,"66":0,"67":0,"68":0,"69":0,"70":0,"71":0,"72":0,"73":0,"74":0,"75":0,"76":0,"77":0,"78":0,"79":0,"80":0,"81":0,"82":0,"83":0,"84":0,"85":0,"86":0,"87":0,"88":0,"89":0,"90":0,"91":0,"92":0,"93":0,"94":0,"95":0,"96":0,"97":1},"b":{"1":[0,0],"2":[0,0],"3":[0,0],"4":[0,0],"5":[0,0],"6":[0,0],"7":[0,0],"8":[0,0],"9":[0,0],"10":[0,0],"11":[0,0],"12":[0,0],"13":[0,0],"14":[0,0],"15":[0,0],"16":[0,0],"17":[0,0],"18":[0,0],"19":[0,0],"20":[0,0],"21":[0,0],"22":[0,0],"23":[0,0],"24":[0,0],"25":[0,0],"26":[0,0]},"f":{"1":4,"2":0,"3":0,"4":0,"5":0,"6":0,"7":1,"8":0,"9":0,"10":0,"11":0,"12":0,"13":0},"fnMap":{"1":{"name":"typeOf","line":9,"loc":{"start":{"line":9,"column":0},"end":{"line":9,"column":21}}},"2":{"name":"(anonymous_2)","line":10,"loc":{"start":{"line":10,"column":9},"end":{"line":10,"column":26}}},"3":{"name":"each","line":19,"loc":{"start":{"line":19,"column":0},"end":{"line":19,"column":30}}},"4":{"name":"detect","line":32,"loc":{"start":{"line":32,"column":0},"end":{"line":32,"column":38}}},"5":{"name":"init","line":65,"loc":{"start":{"line":65,"column":0},"end":{"line":65,"column":46}}},"6":{"name":"(anonymous_6)","line":67,"loc":{"start":{"line":67,"column":17},"end":{"line":67,"column":35}}},"7":{"name":"(anonymous_7)","line":79,"loc":{"start":{"line":79,"column":14},"end":{"line":79,"column":22}}},"8":{"name":"(anonymous_8)","line":86,"loc":{"start":{"line":86,"column":8},"end":{"line":86,"column":13}}},"9":{"name":"(anonymous_9)","line":90,"loc":{"start":{"line":90,"column":33},"end":{"line":90,"column":57}}},"10":{"name":"(anonymous_10)","line":100,"loc":{"start":{"line":100,"column":29},"end":{"line":100,"column":52}}},"11":{"name":"(anonymous_11)","line":112,"loc":{"start":{"line":112,"column":33},"end":{"line":112,"column":57}}},"12":{"name":"(anonymous_12)","line":131,"loc":{"start":{"line":131,"column":34},"end":{"line":131,"column":58}}},"13":{"name":"(anonymous_13)","line":158,"loc":{"start":{"line":158,"column":9},"end":{"line":158,"column":14}}}},"statementMap":{"1":{"start":{"line":3,"column":0},"end":{"line":3,"column":24}},"2":{"start":{"line":4,"column":0},"end":{"line":7,"column":2}},"3":{"start":{"line":9,"column":0},"end":{"line":13,"column":1}},"4":{"start":{"line":10,"column":2},"end":{"line":12,"column":4}},"5":{"start":{"line":11,"column":4},"end":{"line":11,"column":78}},"6":{"start":{"line":14,"column":0},"end":{"line":14,"column":34}},"7":{"start":{"line":15,"column":0},"end":{"line":15,"column":34}},"8":{"start":{"line":16,"column":0},"end":{"line":16,"column":34}},"9":{"start":{"line":17,"column":0},"end":{"line":17,"column":38}},"10":{"start":{"line":19,"column":0},"end":{"line":25,"column":1}},"11":{"start":{"line":20,"column":2},"end":{"line":24,"column":3}},"12":{"start":{"line":21,"column":4},"end":{"line":23,"column":5}},"13":{"start":{"line":22,"column":6},"end":{"line":22,"column":12}},"14":{"start":{"line":32,"column":0},"end":{"line":62,"column":1}},"15":{"start":{"line":33,"column":2},"end":{"line":33,"column":79}},"16":{"start":{"line":34,"column":2},"end":{"line":34,"column":29}},"17":{"start":{"line":34,"column":15},"end":{"line":34,"column":27}},"18":{"start":{"line":35,"column":2},"end":{"line":39,"column":4}},"19":{"start":{"line":40,"column":2},"end":{"line":61,"column":3}},"20":{"start":{"line":41,"column":4},"end":{"line":41,"column":16}},"21":{"start":{"line":42,"column":8},"end":{"line":61,"column":3}},"22":{"start":{"line":43,"column":4},"end":{"line":45,"column":5}},"23":{"start":{"line":44,"column":6},"end":{"line":44,"column":18}},"24":{"start":{"line":46,"column":9},"end":{"line":61,"column":3}},"25":{"start":{"line":47,"column":4},"end":{"line":49,"column":5}},"26":{"start":{"line":48,"column":6},"end":{"line":48,"column":34}},"27":{"start":{"line":50,"column":4},"end":{"line":50,"column":16}},"28":{"start":{"line":51,"column":9},"end":{"line":61,"column":3}},"29":{"start":{"line":52,"column":4},"end":{"line":52,"column":28}},"30":{"start":{"line":53,"column":4},"end":{"line":60,"column":5}},"31":{"start":{"line":54,"column":6},"end":{"line":58,"column":7}},"32":{"start":{"line":55,"column":8},"end":{"line":55,"column":47}},"33":{"start":{"line":57,"column":8},"end":{"line":57,"column":34}},"34":{"start":{"line":59,"column":6},"end":{"line":59,"column":18}},"35":{"start":{"line":65,"column":0},"end":{"line":75,"column":1}},"36":{"start":{"line":66,"column":2},"end":{"line":66,"column":20}},"37":{"start":{"line":67,"column":2},"end":{"line":73,"column":5}},"38":{"start":{"line":68,"column":4},"end":{"line":68,"column":49}},"39":{"start":{"line":69,"column":4},"end":{"line":72,"column":5}},"40":{"start":{"line":70,"column":6},"end":{"line":70,"column":19}},"41":{"start":{"line":71,"column":6},"end":{"line":71,"column":19}},"42":{"start":{"line":74,"column":2},"end":{"line":74,"column":58}},"43":{"start":{"line":80,"column":4},"end":{"line":80,"column":24}},"44":{"start":{"line":87,"column":4},"end":{"line":87,"column":34}},"45":{"start":{"line":88,"column":4},"end":{"line":88,"column":17}},"46":{"start":{"line":90,"column":4},"end":{"line":98,"column":10}},"47":{"start":{"line":91,"column":6},"end":{"line":91,"column":36}},"48":{"start":{"line":92,"column":6},"end":{"line":96,"column":8}},"49":{"start":{"line":97,"column":6},"end":{"line":97,"column":25}},"50":{"start":{"line":100,"column":4},"end":{"line":108,"column":10}},"51":{"start":{"line":101,"column":6},"end":{"line":101,"column":36}},"52":{"start":{"line":102,"column":6},"end":{"line":106,"column":8}},"53":{"start":{"line":107,"column":6},"end":{"line":107,"column":21}},"54":{"start":{"line":110,"column":4},"end":{"line":110,"column":35}},"55":{"start":{"line":112,"column":4},"end":{"line":129,"column":10}},"56":{"start":{"line":113,"column":6},"end":{"line":113,"column":25}},"57":{"start":{"line":115,"column":6},"end":{"line":118,"column":7}},"58":{"start":{"line":116,"column":8},"end":{"line":116,"column":60}},"59":{"start":{"line":117,"column":8},"end":{"line":117,"column":33}},"60":{"start":{"line":119,"column":6},"end":{"line":119,"column":36}},"61":{"start":{"line":120,"column":6},"end":{"line":127,"column":8}},"62":{"start":{"line":128,"column":6},"end":{"line":128,"column":25}},"63":{"start":{"line":131,"column":4},"end":{"line":151,"column":10}},"64":{"start":{"line":132,"column":6},"end":{"line":132,"column":25}},"65":{"start":{"line":134,"column":6},"end":{"line":140,"column":7}},"66":{"start":{"line":136,"column":8},"end":{"line":138,"column":9}},"67":{"start":{"line":137,"column":10},"end":{"line":137,"column":42}},"68":{"start":{"line":139,"column":8},"end":{"line":139,"column":34}},"69":{"start":{"line":141,"column":6},"end":{"line":141,"column":36}},"70":{"start":{"line":142,"column":6},"end":{"line":149,"column":8}},"71":{"start":{"line":150,"column":6},"end":{"line":150,"column":26}},"72":{"start":{"line":152,"column":4},"end":{"line":152,"column":13}},"73":{"start":{"line":159,"column":4},"end":{"line":159,"column":53}},"74":{"start":{"line":159,"column":39},"end":{"line":159,"column":51}},"75":{"start":{"line":161,"column":4},"end":{"line":161,"column":10}},"76":{"start":{"line":162,"column":4},"end":{"line":162,"column":19}},"77":{"start":{"line":163,"column":4},"end":{"line":163,"column":22}},"78":{"start":{"line":164,"column":4},"end":{"line":164,"column":20}},"79":{"start":{"line":165,"column":4},"end":{"line":165,"column":23}},"80":{"start":{"line":169,"column":4},"end":{"line":178,"column":5}},"81":{"start":{"line":170,"column":6},"end":{"line":170,"column":42}},"82":{"start":{"line":171,"column":6},"end":{"line":177,"column":7}},"83":{"start":{"line":173,"column":8},"end":{"line":173,"column":29}},"84":{"start":{"line":174,"column":8},"end":{"line":174,"column":42}},"85":{"start":{"line":175,"column":8},"end":{"line":175,"column":54}},"86":{"start":{"line":176,"column":8},"end":{"line":176,"column":45}},"87":{"start":{"line":180,"column":4},"end":{"line":180,"column":37}},"88":{"start":{"line":181,"column":4},"end":{"line":181,"column":23}},"89":{"start":{"line":182,"column":4},"end":{"line":182,"column":35}},"90":{"start":{"line":183,"column":4},"end":{"line":185,"column":5}},"91":{"start":{"line":184,"column":6},"end":{"line":184,"column":35}},"92":{"start":{"line":186,"column":4},"end":{"line":186,"column":44}},"93":{"start":{"line":187,"column":4},"end":{"line":187,"column":34}},"94":{"start":{"line":188,"column":4},"end":{"line":190,"column":5}},"95":{"start":{"line":189,"column":6},"end":{"line":189,"column":33}},"96":{"start":{"line":192,"column":4},"end":{"line":198,"column":6}},"97":{"start":{"line":203,"column":0},"end":{"line":203,"column":26}}},"branchMap":{"1":{"line":21,"type":"if","locations":[{"start":{"line":21,"column":4},"end":{"line":21,"column":4}},{"start":{"line":21,"column":4},"end":{"line":21,"column":4}}]},"2":{"line":33,"type":"cond-expr","locations":[{"start":{"line":33,"column":40},"end":{"line":33,"column":65}},{"start":{"line":33,"column":68},"end":{"line":33,"column":78}}]},"3":{"line":34,"type":"if","locations":[{"start":{"line":34,"column":2},"end":{"line":34,"column":2}},{"start":{"line":34,"column":2},"end":{"line":34,"column":2}}]},"4":{"line":40,"type":"if","locations":[{"start":{"line":40,"column":2},"end":{"line":40,"column":2}},{"start":{"line":40,"column":2},"end":{"line":40,"column":2}}]},"5":{"line":42,"type":"if","locations":[{"start":{"line":42,"column":8},"end":{"line":42,"column":8}},{"start":{"line":42,"column":8},"end":{"line":42,"column":8}}]},"6":{"line":43,"type":"if","locations":[{"start":{"line":43,"column":4},"end":{"line":43,"column":4}},{"start":{"line":43,"column":4},"end":{"line":43,"column":4}}]},"7":{"line":46,"type":"if","locations":[{"start":{"line":46,"column":9},"end":{"line":46,"column":9}},{"start":{"line":46,"column":9},"end":{"line":46,"column":9}}]},"8":{"line":47,"type":"if","locations":[{"start":{"line":47,"column":4},"end":{"line":47,"column":4}},{"start":{"line":47,"column":4},"end":{"line":47,"column":4}}]},"9":{"line":51,"type":"if","locations":[{"start":{"line":51,"column":9},"end":{"line":51,"column":9}},{"start":{"line":51,"column":9},"end":{"line":51,"column":9}}]},"10":{"line":53,"type":"if","locations":[{"start":{"line":53,"column":4},"end":{"line":53,"column":4}},{"start":{"line":53,"column":4},"end":{"line":53,"column":4}}]},"11":{"line":54,"type":"if","locations":[{"start":{"line":54,"column":6},"end":{"line":54,"column":6}},{"start":{"line":54,"column":6},"end":{"line":54,"column":6}}]},"12":{"line":54,"type":"binary-expr","locations":[{"start":{"line":54,"column":9},"end":{"line":54,"column":22}},{"start":{"line":54,"column":26},"end":{"line":54,"column":30}}]},"13":{"line":69,"type":"if","locations":[{"start":{"line":69,"column":4},"end":{"line":69,"column":4}},{"start":{"line":69,"column":4},"end":{"line":69,"column":4}}]},"14":{"line":87,"type":"binary-expr","locations":[{"start":{"line":87,"column":10},"end":{"line":87,"column":12}},{"start":{"line":87,"column":16},"end":{"line":87,"column":18}}]},"15":{"line":115,"type":"if","locations":[{"start":{"line":115,"column":6},"end":{"line":115,"column":6}},{"start":{"line":115,"column":6},"end":{"line":115,"column":6}}]},"16":{"line":116,"type":"binary-expr","locations":[{"start":{"line":116,"column":18},"end":{"line":116,"column":38}},{"start":{"line":116,"column":42},"end":{"line":116,"column":59}}]},"17":{"line":126,"type":"cond-expr","locations":[{"start":{"line":126,"column":29},"end":{"line":126,"column":46}},{"start":{"line":126,"column":49},"end":{"line":126,"column":54}}]},"18":{"line":134,"type":"if","locations":[{"start":{"line":134,"column":6},"end":{"line":134,"column":6}},{"start":{"line":134,"column":6},"end":{"line":134,"column":6}}]},"19":{"line":136,"type":"if","locations":[{"start":{"line":136,"column":8},"end":{"line":136,"column":8}},{"start":{"line":136,"column":8},"end":{"line":136,"column":8}}]},"20":{"line":148,"type":"cond-expr","locations":[{"start":{"line":148,"column":29},"end":{"line":148,"column":46}},{"start":{"line":148,"column":49},"end":{"line":148,"column":54}}]},"21":{"line":159,"type":"if","locations":[{"start":{"line":159,"column":4},"end":{"line":159,"column":4}},{"start":{"line":159,"column":4},"end":{"line":159,"column":4}}]},"22":{"line":169,"type":"if","locations":[{"start":{"line":169,"column":4},"end":{"line":169,"column":4}},{"start":{"line":169,"column":4},"end":{"line":169,"column":4}}]},"23":{"line":171,"type":"if","locations":[{"start":{"line":171,"column":6},"end":{"line":171,"column":6}},{"start":{"line":171,"column":6},"end":{"line":171,"column":6}}]},"24":{"line":171,"type":"binary-expr","locations":[{"start":{"line":171,"column":10},"end":{"line":171,"column":11}},{"start":{"line":171,"column":15},"end":{"line":171,"column":28}}]},"25":{"line":183,"type":"if","locations":[{"start":{"line":183,"column":4},"end":{"line":183,"column":4}},{"start":{"line":183,"column":4},"end":{"line":183,"column":4}}]},"26":{"line":188,"type":"if","locations":[{"start":{"line":188,"column":4},"end":{"line":188,"column":4}},{"start":{"line":188,"column":4},"end":{"line":188,"column":4}}]}},"code":["\"use strict\";","","const NA_VERSION = \"-1\";","const NA = {","  name: \"na\",","  version: NA_VERSION,","};","","function typeOf(type){","  return function(object) {","    return Object.prototype.toString.call(object) === \"[object \" + type + \"]\";","  };","}","const isString = typeOf(\"String\");","const isRegExp = typeOf(\"RegExp\");","const isObject = typeOf(\"Object\");","const isFunction = typeOf(\"Function\");","","function each(object, factory){","  for(let i = 0, l = object.length; i < l; i++){","    if(factory.call(object, object[i], i) === false){","      break;","    }","  }","}","","// UserAgent Detector.","// @param {String} ua, userAgent.","// @param {Object} expression","// @return {Object}","//    返回 null 表示当前表达式未匹配成功。","function detect(name, expression, ua) {","  const expr = isFunction(expression) ? expression.call(null, ua) : expression;","  if (!expr) { return null; }","  const info = {","    name: name,","    version: NA_VERSION,","    codename: \"\",","  };","  if (expr === true) {","    return info;","  }else if(isString(expr)) {","    if(ua.indexOf(expr) !== -1){","      return info;","    }","  } else if (isObject(expr)) {","    if(expr.hasOwnProperty(\"version\")){","      info.version = expr.version;","    }","    return info;","  } else if (isRegExp(expr)) {","    const m = expr.exec(ua);","    if (m) {","      if(m.length >= 2 && m[1]) {","        info.version = m[1].replace(/_/g, \".\");","      }else{","        info.version = NA_VERSION;","      }","      return info;","    }","  }","}","","// 初始化识别。","function init(ua, patterns, factory, detector){","  let detected = NA;","  each(patterns, function(pattern) {","    const d = detect(pattern[0], pattern[1], ua);","    if (d) {","      detected = d;","      return false;","    }","  });","  factory.call(detector, detected.name, detected.version);","}","","","class Detector {","  constructor (rules) {","    this._rules = rules;","  }","","  // 解析 UserAgent 字符串","  // @param {String} ua, userAgent string.","  // @return {Object}","  parse (ua) {","    ua = (ua || \"\").toLowerCase();","    const d = {};","","    init(ua, this._rules.device, function(name, version) {","      const v = parseFloat(version);","      d.device = {","        name: name,","        version: v,","        fullVersion: version,","      };","      d.device[name] = v;","    }, d);","","    init(ua, this._rules.os, function(name, version){","      const v = parseFloat(version);","      d.os = {","        name: name,","        version: v,","        fullVersion: version,","      };","      d.os[name] = v;","    }, d);","","    const ieCore = this.IEMode(ua);","","    init(ua, this._rules.engine, function(name, version) {","      let mode = version;","      // IE 内核的浏览器，修复版本号及兼容模式。","      if(ieCore){","        version = ieCore.engineVersion || ieCore.engineMode;","        mode = ieCore.engineMode;","      }","      const v = parseFloat(version);","      d.engine = {","        name: name,","        version: v,","        fullVersion: version,","        mode: parseFloat(mode),","        fullMode: mode,","        compatible: ieCore ? ieCore.compatible : false,","      };","      d.engine[name] = v;","    }, d);","","    init(ua, this._rules.browser, function(name, version) {","      let mode = version;","      // IE 内核的浏览器，修复浏览器版本及兼容模式。","      if(ieCore){","        // 仅修改 IE 浏览器的版本，其他 IE 内核的版本不修改。","        if(name === \"ie\"){","          version = ieCore.browserVersion;","        }","        mode = ieCore.browserMode;","      }","      const v = parseFloat(version);","      d.browser = {","        name: name,","        version: v,","        fullVersion: version,","        mode: parseFloat(mode),","        fullMode: mode,","        compatible: ieCore ? ieCore.compatible : false,","      };","      d.browser[name] = v;","    }, d);","    return d;","  }","","  // 解析使用 Trident 内核的浏览器的 `浏览器模式` 和 `文档模式` 信息。","  // @param {String} ua, userAgent string.","  // @return {Object}","  IEMode (ua) {","    if(!this._rules.re_msie.test(ua)){ return null; }","","    let m;","    let engineMode;","    let engineVersion;","    let browserMode;","    let browserVersion;","","    // IE8 及其以上提供有 Trident 信息，","    // 默认的兼容模式，UA 中 Trident 版本不发生变化。","    if(ua.indexOf(\"trident/\") !== -1) {","      m = /\\btrident\\/([0-9.]+)/.exec(ua);","      if (m && m.length >= 2) {","        // 真实引擎版本。","        engineVersion = m[1];","        const v_version = m[1].split(\".\");","        v_version[0] = parseInt(v_version[0], 10) + 4;","        browserVersion = v_version.join(\".\");","      }","    }","","    m = this._rules.re_msie.exec(ua);","    browserMode = m[1];","    const v_mode = m[1].split(\".\");","    if (typeof browserVersion === \"undefined\") {","      browserVersion = browserMode;","    }","    v_mode[0] = parseInt(v_mode[0], 10) - 4;","    engineMode = v_mode.join(\".\");","    if (typeof engineVersion === \"undefined\") {","      engineVersion = engineMode;","    }","","    return {","      browserVersion: browserVersion,","      browserMode: browserMode,","      engineVersion: engineVersion,","      engineMode: engineMode,","      compatible: engineVersion !== engineMode,","    };","  }","","}","","module.exports = Detector;",""],"l":{"3":1,"4":1,"9":1,"10":4,"11":0,"14":1,"15":1,"16":1,"17":1,"19":1,"20":0,"21":0,"22":0,"32":1,"33":0,"34":0,"35":0,"40":0,"41":0,"42":0,"43":0,"44":0,"46":0,"47":0,"48":0,"50":0,"51":0,"52":0,"53":0,"54":0,"55":0,"57":0,"59":0,"65":1,"66":0,"67":0,"68":0,"69":0,"70":0,"71":0,"74":0,"80":1,"87":0,"88":0,"90":0,"91":0,"92":0,"97":0,"100":0,"101":0,"102":0,"107":0,"110":0,"112":0,"113":0,"115":0,"116":0,"117":0,"119":0,"120":0,"128":0,"131":0,"132":0,"134":0,"136":0,"137":0,"139":0,"141":0,"142":0,"150":0,"152":0,"159":0,"161":0,"162":0,"163":0,"164":0,"165":0,"169":0,"170":0,"171":0,"173":0,"174":0,"175":0,"176":0,"180":0,"181":0,"182":0,"183":0,"184":0,"186":0,"187":0,"188":0,"189":0,"192":0,"203":1}},"/home/travis/build/npmtest/node-npmtest-detector/node_modules/detector/lib/rules.js":{"path":"/home/travis/build/npmtest/node-npmtest-detector/node_modules/detector/lib/rules.js","s":{"1":1,"2":1,"3":0,"4":0,"5":0,"6":0,"7":0,"8":0,"9":0,"10":0,"11":0,"12":0,"13":0,"14":0,"15":0,"16":0,"17":0,"18":0,"19":0,"20":0,"21":0,"22":0,"23":0,"24":0,"25":0,"26":0,"27":0,"28":0,"29":0,"30":0,"31":0,"32":0,"33":0,"34":0,"35":0,"36":0,"37":0,"38":0,"39":0,"40":0,"41":0,"42":0,"43":0,"44":0,"45":0,"46":0,"47":0,"48":0,"49":0,"50":0,"51":0,"52":0,"53":0,"54":0,"55":0,"56":0,"57":0,"58":0,"59":0,"60":0,"61":0,"62":0,"63":0,"64":1,"65":0,"66":0,"67":0,"68":0,"69":1,"70":0,"71":0,"72":0,"73":0,"74":0,"75":0,"76":0,"77":0,"78":0,"79":0,"80":1,"81":1},"b":{"1":[0,0],"2":[0,0],"3":[0,0],"4":[0,0],"5":[0,0],"6":[0,0],"7":[0,0],"8":[0,0],"9":[0,0],"10":[0,0],"11":[0,0],"12":[0,0],"13":[0,0],"14":[0,0],"15":[0,0],"16":[0,0],"17":[0,0],"18":[0,0],"19":[0,0],"20":[0,0],"21":[0,0],"22":[0,0],"23":[0,0],"24":[0,0],"25":[0,0],"26":[0,0],"27":[0,0],"28":[0,0],"29":[0,0],"30":[0,0],"31":[0,0],"32":[0,0]},"f":{"1":0,"2":0,"3":0,"4":0,"5":0,"6":0,"7":0,"8":0,"9":0,"10":0,"11":0,"12":0,"13":0,"14":0,"15":0,"16":0,"17":0},"fnMap":{"1":{"name":"(anonymous_1)","line":9,"loc":{"start":{"line":9,"column":19},"end":{"line":9,"column":31}}},"2":{"name":"(anonymous_2)","line":34,"loc":{"start":{"line":34,"column":4},"end":{"line":34,"column":17}}},"3":{"name":"(anonymous_3)","line":44,"loc":{"start":{"line":44,"column":9},"end":{"line":44,"column":22}}},"4":{"name":"(anonymous_4)","line":52,"loc":{"start":{"line":52,"column":4},"end":{"line":52,"column":17}}},"5":{"name":"(anonymous_5)","line":67,"loc":{"start":{"line":67,"column":4},"end":{"line":67,"column":17}}},"6":{"name":"(anonymous_6)","line":84,"loc":{"start":{"line":84,"column":4},"end":{"line":84,"column":17}}},"7":{"name":"(anonymous_7)","line":97,"loc":{"start":{"line":97,"column":4},"end":{"line":97,"column":17}}},"8":{"name":"(anonymous_8)","line":106,"loc":{"start":{"line":106,"column":4},"end":{"line":106,"column":17}}},"9":{"name":"(anonymous_9)","line":121,"loc":{"start":{"line":121,"column":4},"end":{"line":121,"column":17}}},"10":{"name":"(anonymous_10)","line":133,"loc":{"start":{"line":133,"column":4},"end":{"line":133,"column":17}}},"11":{"name":"(anonymous_11)","line":142,"loc":{"start":{"line":142,"column":4},"end":{"line":142,"column":17}}},"12":{"name":"(anonymous_12)","line":149,"loc":{"start":{"line":149,"column":4},"end":{"line":149,"column":17}}},"13":{"name":"(anonymous_13)","line":160,"loc":{"start":{"line":160,"column":4},"end":{"line":160,"column":17}}},"14":{"name":"(anonymous_14)","line":169,"loc":{"start":{"line":169,"column":4},"end":{"line":169,"column":17}}},"15":{"name":"(anonymous_15)","line":181,"loc":{"start":{"line":181,"column":4},"end":{"line":181,"column":17}}},"16":{"name":"(anonymous_16)","line":193,"loc":{"start":{"line":193,"column":4},"end":{"line":193,"column":17}}},"17":{"name":"(anonymous_17)","line":206,"loc":{"start":{"line":206,"column":4},"end":{"line":206,"column":17}}}},"statementMap":{"1":{"start":{"line":3,"column":0},"end":{"line":3,"column":40}},"2":{"start":{"line":5,"column":0},"end":{"line":189,"column":2}},"3":{"start":{"line":10,"column":4},"end":{"line":14,"column":5}},"4":{"start":{"line":11,"column":6},"end":{"line":11,"column":53}},"5":{"start":{"line":12,"column":11},"end":{"line":14,"column":5}},"6":{"start":{"line":13,"column":6},"end":{"line":13,"column":29}},"7":{"start":{"line":35,"column":6},"end":{"line":37,"column":7}},"8":{"start":{"line":36,"column":8},"end":{"line":36,"column":30}},"9":{"start":{"line":38,"column":6},"end":{"line":38,"column":44}},"10":{"start":{"line":45,"column":4},"end":{"line":49,"column":5}},"11":{"start":{"line":46,"column":6},"end":{"line":46,"column":37}},"12":{"start":{"line":47,"column":11},"end":{"line":49,"column":5}},"13":{"start":{"line":48,"column":6},"end":{"line":48,"column":35}},"14":{"start":{"line":53,"column":6},"end":{"line":59,"column":7}},"15":{"start":{"line":54,"column":8},"end":{"line":54,"column":57}},"16":{"start":{"line":55,"column":13},"end":{"line":59,"column":7}},"17":{"start":{"line":56,"column":8},"end":{"line":56,"column":30}},"18":{"start":{"line":57,"column":13},"end":{"line":59,"column":7}},"19":{"start":{"line":58,"column":8},"end":{"line":58,"column":30}},"20":{"start":{"line":68,"column":6},"end":{"line":74,"column":7}},"21":{"start":{"line":69,"column":8},"end":{"line":69,"column":37}},"22":{"start":{"line":70,"column":13},"end":{"line":74,"column":7}},"23":{"start":{"line":71,"column":8},"end":{"line":71,"column":44}},"24":{"start":{"line":72,"column":13},"end":{"line":74,"column":7}},"25":{"start":{"line":73,"column":8},"end":{"line":73,"column":31}},"26":{"start":{"line":85,"column":6},"end":{"line":89,"column":7}},"27":{"start":{"line":86,"column":8},"end":{"line":86,"column":35}},"28":{"start":{"line":87,"column":13},"end":{"line":89,"column":7}},"29":{"start":{"line":88,"column":8},"end":{"line":88,"column":38}},"30":{"start":{"line":98,"column":6},"end":{"line":100,"column":7}},"31":{"start":{"line":99,"column":8},"end":{"line":99,"column":39}},"32":{"start":{"line":101,"column":6},"end":{"line":101,"column":24}},"33":{"start":{"line":107,"column":6},"end":{"line":111,"column":7}},"34":{"start":{"line":108,"column":8},"end":{"line":108,"column":36}},"35":{"start":{"line":109,"column":13},"end":{"line":111,"column":7}},"36":{"start":{"line":110,"column":8},"end":{"line":110,"column":44}},"37":{"start":{"line":122,"column":6},"end":{"line":124,"column":7}},"38":{"start":{"line":123,"column":8},"end":{"line":123,"column":20}},"39":{"start":{"line":125,"column":6},"end":{"line":125,"column":29}},"40":{"start":{"line":134,"column":6},"end":{"line":138,"column":7}},"41":{"start":{"line":135,"column":8},"end":{"line":135,"column":31}},"42":{"start":{"line":136,"column":13},"end":{"line":138,"column":7}},"43":{"start":{"line":137,"column":8},"end":{"line":137,"column":41}},"44":{"start":{"line":143,"column":6},"end":{"line":145,"column":7}},"45":{"start":{"line":144,"column":8},"end":{"line":144,"column":51}},"46":{"start":{"line":150,"column":6},"end":{"line":150,"column":45}},"47":{"start":{"line":151,"column":6},"end":{"line":155,"column":7}},"48":{"start":{"line":152,"column":8},"end":{"line":152,"column":23}},"49":{"start":{"line":154,"column":8},"end":{"line":154,"column":32}},"50":{"start":{"line":161,"column":6},"end":{"line":165,"column":7}},"51":{"start":{"line":162,"column":8},"end":{"line":162,"column":39}},"52":{"start":{"line":163,"column":13},"end":{"line":165,"column":7}},"53":{"start":{"line":164,"column":8},"end":{"line":164,"column":34}},"54":{"start":{"line":170,"column":6},"end":{"line":176,"column":7}},"55":{"start":{"line":171,"column":8},"end":{"line":171,"column":54}},"56":{"start":{"line":172,"column":13},"end":{"line":176,"column":7}},"57":{"start":{"line":173,"column":8},"end":{"line":173,"column":37}},"58":{"start":{"line":174,"column":13},"end":{"line":176,"column":7}},"59":{"start":{"line":175,"column":8},"end":{"line":175,"column":43}},"60":{"start":{"line":182,"column":6},"end":{"line":186,"column":7}},"61":{"start":{"line":183,"column":8},"end":{"line":183,"column":27}},"62":{"start":{"line":184,"column":13},"end":{"line":186,"column":7}},"63":{"start":{"line":185,"column":8},"end":{"line":185,"column":28}},"64":{"start":{"line":191,"column":0},"end":{"line":202,"column":2}},"65":{"start":{"line":194,"column":6},"end":{"line":194,"column":54}},"66":{"start":{"line":195,"column":6},"end":{"line":197,"column":7}},"67":{"start":{"line":196,"column":8},"end":{"line":196,"column":33}},"68":{"start":{"line":198,"column":6},"end":{"line":198,"column":27}},"69":{"start":{"line":204,"column":0},"end":{"line":250,"column":2}},"70":{"start":{"line":207,"column":6},"end":{"line":207,"column":19}},"71":{"start":{"line":208,"column":6},"end":{"line":208,"column":12}},"72":{"start":{"line":209,"column":6},"end":{"line":220,"column":7}},"73":{"start":{"line":210,"column":8},"end":{"line":215,"column":9}},"74":{"start":{"line":211,"column":10},"end":{"line":211,"column":30}},"75":{"start":{"line":212,"column":10},"end":{"line":212,"column":39}},"76":{"start":{"line":213,"column":15},"end":{"line":215,"column":9}},"77":{"start":{"line":214,"column":10},"end":{"line":214,"column":22}},"78":{"start":{"line":217,"column":8},"end":{"line":219,"column":10}},"79":{"start":{"line":221,"column":6},"end":{"line":221,"column":19}},"80":{"start":{"line":252,"column":0},"end":{"line":252,"column":18}},"81":{"start":{"line":255,"column":0},"end":{"line":261,"column":2}}},"branchMap":{"1":{"line":10,"type":"if","locations":[{"start":{"line":10,"column":4},"end":{"line":10,"column":4}},{"start":{"line":10,"column":4},"end":{"line":10,"column":4}}]},"2":{"line":12,"type":"if","locations":[{"start":{"line":12,"column":11},"end":{"line":12,"column":11}},{"start":{"line":12,"column":11},"end":{"line":12,"column":11}}]},"3":{"line":35,"type":"if","locations":[{"start":{"line":35,"column":6},"end":{"line":35,"column":6}},{"start":{"line":35,"column":6},"end":{"line":35,"column":6}}]},"4":{"line":45,"type":"if","locations":[{"start":{"line":45,"column":4},"end":{"line":45,"column":4}},{"start":{"line":45,"column":4},"end":{"line":45,"column":4}}]},"5":{"line":47,"type":"if","locations":[{"start
[...]
},"end":{"line":35,"column":140}}]},"5":{"line":43,"type":"cond-expr","locations":[{"start":{"line":43,"column":36},"end":{"line":43,"column":63}},{"start":{"line":43,"column":66},"end":{"line":43,"column":87}}]},"6":{"line":46,"type":"if","locations":[{"start":{"line":46,"column":2},"end":{"line":46,"column":2}},{"start":{"line":46,"column":2},"end":{"line":46,"column":2}}]},"7":{"line":49,"type":"if","locations":[{"start":{"line":49,"column":9},"end":{"line":49,"column":9}},{"start":{"line":49,"column":9},"end":{"line":49,"column":9}}]},"8":{"line":56,"type":"if","locations":[{"start":{"line":56,"column":2},"end":{"line":56,"column":2}},{"start":{"line":56,"column":2},"end":{"line":56,"column":2}}]},"9":{"line":66,"type":"if","locations":[{"start":{"line":66,"column":2},"end":{"line":66,"column":2}},{"start":{"line":66,"column":2},"end":{"line":66,"column":2}}]},"10":{"line":76,"type":"if","locations":[{"start":{"line":76,"column":2},"end":{"line":76,"column":2}},{"start":{"line":76,"column":2},"end":{"line":76,"column":2}}]},"11":{"line":84,"type":"if","locations":[{"start":{"line":84,"column":2},"end":{"line":84,"column":2}},{"start":{"line":84,"column":2},"end":{"line":84,"column":2}}]},"12":{"line":93,"type":"if","locations":[{"start":{"line":93,"column":2},"end":{"line":93,"column":2}},{"start":{"line":93,"column":2},"end":{"line":93,"column":2}}]},"13":{"line":96,"type":"if","locations":[{"start":{"line":96,"column":9},"end":{"line":96,"column":9}},{"start":{"line":96,"column":9},"end":{"line":96,"column":9}}]},"14":{"line":99,"type":"if","locations":[{"start":{"line":99,"column":9},"end":{"line":99,"column":9}},{"start":{"line":99,"column":9},"end":{"line":99,"column":9}}]},"15":{"line":105,"type":"if","locations":[{"start":{"line":105,"column":2},"end":{"line":105,"column":2}},{"start":{"line":105,"column":2},"end":{"line":105,"column":2}}]},"16":{"line":108,"type":"if","locations":[{"start":{"line":108,"column":9},"end":{"line":108,"column":9}},{"start":{"line":108,"column":9},"end":{"line":108,"column":9}}]},"17":{"line":116,"type":"if","locations":[{"start":{"line":116,"column":2},"end":{"line":116,"column":2}},{"start":{"line":116,"column":2},"end":{"line":116,"column":2}}]},"18":{"line":119,"type":"if","locations":[{"start":{"line":119,"column":9},"end":{"line":119,"column":9}},{"start":{"line":119,"column":9},"end":{"line":119,"column":9}}]},"19":{"line":120,"type":"if","locations":[{"start":{"line":120,"column":4},"end":{"line":120,"column":4}},{"start":{"line":120,"column":4},"end":{"line":120,"column":4}}]},"20":{"line":131,"type":"binary-expr","locations":[{"start":{"line":131,"column":10},"end":{"line":131,"column":36}},{"start":{"line":131,"column":40},"end":{"line":131,"column":67}},{"start":{"line":131,"column":71},"end":{"line":131,"column":98}}]},"21":{"line":132,"type":"cond-expr","locations":[{"start":{"line":132,"column":13},"end":{"line":132,"column":30}},{"start":{"line":132,"column":33},"end":{"line":132,"column":45}}]},"22":{"line":139,"type":"if","locations":[{"start":{"line":139,"column":2},"end":{"line":139,"column":2}},{"start":{"line":139,"column":2},"end":{"line":139,"column":2}}]},"23":{"line":152,"type":"if","locations":[{"start":{"line":152,"column":4},"end":{"line":152,"column":4}},{"start":{"line":152,"column":4},"end":{"line":152,"column":4}}]},"24":{"line":152,"type":"binary-expr","locations":[{"start":{"line":152,"column":8},"end":{"line":152,"column":15}},{"start":{"line":152,"column":19},"end":{"line":152,"column":46}}]},"25":{"line":155,"type":"if","locations":[{"start":{"line":155,"column":4},"end":{"line":155,"column":4}},{"start":{"line":155,"column":4},"end":{"line":155,"column":4}}]},"26":{"line":162,"type":"binary-expr","locations":[{"start":{"line":162,"column":9},"end":{"line":162,"column":24}},{"start":{"line":162,"column":28},"end":{"line":162,"column":40}},{"start":{"line":162,"column":44},"end":{"line":162,"column":74}}]},"27":{"line":165,"type":"if","locations":[{"start":{"line":165,"column":2},"end":{"line":165,"column":2}},{"start":{"line":165,"column":2},"end":{"line":165,"column":2}}]},"28":{"line":176,"type":"if","locations":[{"start":{"line":176,"column":2},"end":{"line":176,"column":2}},{"start":{"line":176,"column":2},"end":{"line":176,"column":2}}]},"29":{"line":179,"type":"if","locations":[{"start":{"line":179,"column":9},"end":{"line":179,"column":9}},{"start":{"line":179,"column":9},"end":{"line":179,"column":9}}]},"30":{"line":191,"type":"if","locations":[{"start":{"line":191,"column":2},"end":{"line":191,"column":2}},{"start":{"line":191,"column":2},"end":{"line":191,"column":2}}]},"31":{"line":200,"type":"if","locations":[{"start":{"line":200,"column":2},"end":{"line":200,"column":2}},{"start":{"line":200,"column":2},"end":{"line":200,"column":2}}]},"32":{"line":203,"type":"if","locations":[{"start":{"line":203,"column":2},"end":{"line":203,"column":2}},{"start":{"line":203,"column":2},"end":{"line":203,"column":2}}]},"33":{"line":213,"type":"if","locations":[{"start":{"line":213,"column":4},"end":{"line":213,"column":4}},{"start":{"line":213,"column":4},"end":{"line":213,"column":4}}]},"34":{"line":213,"type":"binary-expr","locations":[{"start":{"line":213,"column":8},"end":{"line":213,"column":16}},{"start":{"line":213,"column":21},"end":{"line":213,"column":39}},{"start":{"line":213,"column":43},"end":{"line":213,"column":63}}]},"35":{"line":215,"type":"binary-expr","locations":[{"start":{"line":215,"column":17},"end":{"line":215,"column":35}},{"start":{"line":215,"column":39},"end":{"line":215,"column":59}}]},"36":{"line":222,"type":"if","locations":[{"start":{"line":222,"column":2},"end":{"line":222,"column":2}},{"start":{"line":222,"column":2},"end":{"line":222,"column":2}}]},"37":{"line":226,"type":"if","locations":[{"start":{"line":226,"column":2},"end":{"line":226,"column":2}},{"start":{"line":226,"column":2},"end":{"line":226,"column":2}}]},"38":{"line":231,"type":"if","locations":[{"start":{"line":231,"column":4},"end":{"line":231,"column":4}},{"start":{"line":231,"column":4},"end":{"line":231,"column":4}}]},"39":{"line":231,"type":"binary-expr","locations":[{"start":{"line":231,"column":8},"end":{"line":231,"column":16}},{"start":{"line":231,"column":20},"end":{"line":231,"column":45}}]},"40":{"line":236,"type":"binary-expr","locations":[{"start":{"line":236,"column":13},"end":{"line":236,"column":20}},{"start":{"line":236,"column":24},"end":{"line":236,"column":34}}]},"41":{"line":247,"type":"cond-expr","locations":[{"start":{"line":247,"column":33},"end":{"line":247,"column":45}},{"start":{"line":247,"column":48},"end":{"line":247,"column":60}}]},"42":{"line":251,"type":"if","locations":[{"start":{"line":251,"column":2},"end":{"line":251,"column":2}},{"start":{"line":251,"column":2},"end":{"line":251,"column":2}}]},"43":{"line":274,"type":"if","locations":[{"start":{"line":274,"column":2},"end":{"line":274,"column":2}},{"start":{"line":274,"column":2},"end":{"line":274,"column":2}}]},"44":{"line":277,"type":"if","locations":[{"start":{"line":277,"column":9},"end":{"line":277,"column":9}},{"start":{"line":277,"column":9},"end":{"line":277,"column":9}}]},"45":{"line":280,"type":"if","locations":[{"start":{"line":280,"column":9},"end":{"line":280,"column":9}},{"start":{"line":280,"column":9},"end":{"line":280,"column":9}}]},"46":{"line":283,"type":"if","locations":[{"start":{"line":283,"column":9},"end":{"line":283,"column":9}},{"start":{"line":283,"column":9},"end":{"line":283,"column":9}}]},"47":{"line":295,"type":"if","locations":[{"start":{"line":295,"column":2},"end":{"line":295,"column":2}},{"start":{"line":295,"column":2},"end":{"line":295,"column":2}}]},"48":{"line":301,"type":"binary-expr","locations":[{"start":{"line":301,"column":10},"end":{"line":301,"column":36}},{"start":{"line":301,"column":40},"end":{"line":301,"column":67}},{"start":{"line":301,"column":71},"end":{"line":301,"column":98}}]},"49":{"line":302,"type":"cond-expr","locations":[{"start":{"line":302,"column":13},"end":{"line":302,"column":30}},{"start":{"line":302,"column":33},"end":{"line":302,"column":45}}]}},"code":["\"use strict\";","","var win = typeof window === \"undefined\" ? global : window;","var external = win.external;","var re_msie = /\\b(?:msie |ie |trident\\/[0-9].*rv[ :])([0-9.]+)/;","var re_blackberry_10 = /\\bbb10\\b.+?\\bversion\\/([\\d.]+)/;","var re_blackberry_6_7 = /\\bblackberry\\b.+\\bversion\\/([\\d.]+)/;","var re_blackberry_4_5 = /\\bblackberry\\d+\\/([\\d.]+)/;","","var NA_VERSION = \"-1\";","","// 硬件设备信息识别表达式。","// 使用数组可以按优先级排序。","var DEVICES = [[\"nokia\", function (ua) {","  // 不能将两个表达式合并，因为可能出现 \"nokia; nokia 960\"","  // 这种情况下会优先识别出 nokia/-1","  if (ua.indexOf(\"nokia \") !== -1) {","    return (/\\bnokia ([0-9]+)?/","    );","  } else {","    return (/\\bnokia([a-z0-9]+)?/","    );","  }","}],","// 三星有 Android 和 WP 设备。","[\"samsung\", function (ua) {","  if (ua.indexOf(\"samsung\") !== -1) {","    return (/\\bsamsung(?:[ \\-](?:sgh|gt|sm))?-([a-z0-9]+)/","    );","  } else {","    return (/\\b(?:sgh|sch|gt|sm)-([a-z0-9]+)/","    );","  }","}], [\"wp\", function (ua) {","  return ua.indexOf(\"windows phone \") !== -1 || ua.indexOf(\"xblwp\") !== -1 || ua.indexOf(\"zunewp\") !== -1 || ua.indexOf(\"windows ce\") !== -1;","}], [\"pc\", \"windows\"], [\"ipad\", \"ipad\"],","// ipod 规则应置于 iphone 之前。","[\"ipod\", \"ipod\"], [\"iphone\", /\\biphone\\b|\\biph(\\d)/], [\"mac\", \"macintosh\"],","// 小米","[\"mi\", /\\bmi[ \\-]?([a-z0-9 ]+(?= build|\\)))/],","// 红米","[\"hongmi\", /\\bhm[ \\-]?([a-z0-9]+)/], [\"aliyun\", /\\baliyunos\\b(?:[\\-](\\d+))?/], [\"meizu\", function (ua) {","  return ua.indexOf(\"meizu\") >= 0 ? /\\bmeizu[\\/ ]([a-z0-9]+)\\b/ : /\\bm([0-9cx]{1,4})\\b/;","}], [\"nexus\", /\\bnexus ([0-9s.]+)/], [\"huawei\", function (ua) {","  var re_mediapad = /\\bmediapad (.+?)(?= build\\/huaweimediapad\\b)/;","  if (ua.indexOf(\"huawei-huawei\") !== -1) {","    return (/\\bhuawei\\-huawei\\-([a-z0-9\\-]+)/","    );","  } else if (re_mediapad.test(ua)) {","    return re_mediapad;","  } else {","    return (/\\bhuawei[ _\\-]?([a-z0-9]+)/","    );","  }","}], [\"lenovo\", function (ua) {","  if (ua.indexOf(\"lenovo-lenovo\") !== -1) {","    return (/\\blenovo\\-lenovo[ \\-]([a-z0-9]+)/","    );","  } else {","    return (/\\blenovo[ \\-]?([a-z0-9]+)/","    );","  }","}],","// 中兴","[\"zte\", function (ua) {","  if (/\\bzte\\-[tu]/.test(ua)) {","    return (/\\bzte-[tu][ _\\-]?([a-su-z0-9\\+]+)/","    );","  } else {","    return (/\\bzte[ _\\-]?([a-su-z0-9\\+]+)/","    );","  }","}],","// 步步高","[\"vivo\", /\\bvivo(?: ([a-z0-9]+))?/], [\"htc\", function (ua) {","  if (/\\bhtc[a-z0-9 _\\-]+(?= build\\b)/.test(ua)) {","    return (/\\bhtc[ _\\-]?([a-z0-9 ]+(?= build))/","    );","  } else {","    return (/\\bhtc[ _\\-]?([a-z0-9 ]+)/","    );","  }","}], [\"oppo\", /\\boppo[_]([a-z0-9]+)/], [\"konka\", /\\bkonka[_\\-]([a-z0-9]+)/], [\"sonyericsson\", /\\bmt([a-z0-9]+)/], [\"coolpad\", /\\bcoolpad[_ ]?([a-z0-9]+)/], [\"lg\", /\\blg[\\-]([a-z0-9]+)/], [\"android\", /\\bandroid\\b|\\badr\\b/], [\"blackberry\", function (ua) {","  if (ua.indexOf(\"blackberry\") >= 0) {","    return (/\\bblackberry\\s?(\\d+)/","    );","  }","  return \"bb10\";","}]];","","// 操作系统信息识别表达式","var OS = [[\"wp\", function (ua) {","  if (ua.indexOf(\"windows phone \") !== -1) {","    return (/\\bwindows phone (?:os )?([0-9.]+)/","    );","  } else if (ua.indexOf(\"xblwp\") !== -1) {","    return (/\\bxblwp([0-9.]+)/","    );","  } else if (ua.indexOf(\"zunewp\") !== -1) {","    return (/\\bzunewp([0-9.]+)/","    );","  }","  return \"windows phone\";","}], [\"windows\", /\\bwindows nt ([0-9.]+)/], [\"macosx\", /\\bmac os x ([0-9._]+)/], [\"ios\", function (ua) {","  if (/\\bcpu(?: iphone)? os /.test(ua)) {","    return (/\\bcpu(?: iphone)? os ([0-9._]+)/","    );","  } else if (ua.indexOf(\"iph os \") !== -1) {","    return (/\\biph os ([0-9_]+)/","    );","  } else {","    return (/\\bios\\b/","    );","  }","}], [\"yunos\", /\\baliyunos ([0-9.]+)/], [\"android\", function (ua) {","  if (ua.indexOf(\"android\") >= 0) {","    return (/\\bandroid[ \\/-]?([0-9.x]+)?/","    );","  } else if (ua.indexOf(\"adr\") >= 0) {","    if (ua.indexOf(\"mqqbrowser\") >= 0) {","      return (/\\badr[ ]\\(linux; u; ([0-9.]+)?/","      );","    } else {","      return (/\\badr(?:[ ]([0-9.]+))?/","      );","    }","  }","  return \"android\";","  //return /\\b(?:android|\\badr)(?:[\\/\\- ](?:\\(linux; u; )?)?([0-9.x]+)?/;","}], [\"chromeos\", /\\bcros i686 ([0-9.]+)/], [\"linux\", \"linux\"], [\"windowsce\", /\\bwindows ce(?: ([0-9.]+))?/], [\"symbian\", /\\bsymbian(?:os)?\\/([0-9.]+)/], [\"blackberry\", function (ua) {","  var m = ua.match(re_blackberry_10) || ua.match(re_blackberry_6_7) || ua.match(re_blackberry_4_5);","  return m ? { version: m[1] } : \"blackberry\";","}]];","","// 针对同源的 TheWorld 和 360 的 external 对象进行检测。","// @param {String} key, 关键字，用于检测浏览器的安装路径中出现的关键字。","// @return {Undefined,Boolean,Object} 返回 undefined 或 false 表示检测未命中。","function checkTW360External(key) {","  if (!external) {","    return;","  } // return undefined.","  try {","    //        360安装路径：","    //        C:%5CPROGRA~1%5C360%5C360se3%5C360SE.exe","    var runpath = external.twGetRunPath.toLowerCase();","    // 360SE 3.x ~ 5.x support.","    // 暴露的 external.twGetVersion 和 external.twGetSecurityID 均为 undefined。","    // 因此只能用 try/catch 而无法使用特性判断。","    var security = external.twGetSecurityID(win);","    var version = external.twGetVersion(security);","","    if (runpath && runpath.indexOf(key) === -1) {","      return false;","    }","    if (version) {","      return { version: version };","    }","  } catch (ex) {/* */}","}","","var ENGINE = [[\"edgehtml\", /edge\\/([0-9.]+)/], [\"trident\", re_msie], [\"blink\", function () {","  return \"chrome\" in win && \"CSS\" in win && /\\bapplewebkit[\\/]?([0-9.+]+)/;","}], [\"webkit\", /\\bapplewebkit[\\/]?([0-9.+]+)/], [\"gecko\", function (ua) {","  var match = ua.match(/\\brv:([\\d\\w.]+).*\\bgecko\\/(\\d+)/);","  if (match) {","    return {","      version: match[1] + \".\" + match[2]","    };","  }","}], [\"presto\", /\\bpresto\\/([0-9.]+)/], [\"androidwebkit\", /\\bandroidwebkit\\/([0-9.]+)/], [\"coolpadwebkit\", /\\bcoolpadwebkit\\/([0-9.]+)/], [\"u2\", /\\bu2\\/([0-9.]+)/], [\"u3\", /\\bu3\\/([0-9.]+)/]];","var BROWSER = [","// Microsoft Edge Browser, Default browser in Windows 10.","[\"edge\", /edge\\/([0-9.]+)/],","// Sogou.","[\"sogou\", function (ua) {","  if (ua.indexOf(\"sogoumobilebrowser\") >= 0) {","    return (/sogoumobilebrowser\\/([0-9.]+)/","    );","  } else if (ua.indexOf(\"sogoumse\") >= 0) {","    return true;","  }","  return (/ se ([0-9.x]+)/","  );","}],","// TheWorld (世界之窗)","// 由于裙带关系，TheWorld API 与 360 高度重合。","// 只能通过 UA 和程序安装路径中的应用程序名来区分。","// TheWorld 的 UA 比 360 更靠谱，所有将 TheWorld 的规则放置到 360 之前。","[\"theworld\", function () {","  var x = checkTW360External(\"theworld\");","  if (typeof x !== \"undefined\") {","    return x;","  }","  return (/theworld(?: ([\\d.])+)?/","  );","}],","// 360SE, 360EE.","[\"360\", function (ua) {","  var x = checkTW360External(\"360se\");","  if (typeof x !== \"undefined\") {","    return x;","  }","  if (ua.indexOf(\"360 aphone browser\") !== -1) {","    return (/\\b360 aphone browser \\(([^\\)]+)\\)/","    );","  }","  return (/\\b360(?:se|ee|chrome|browser)\\b/","  );","}],","// Maxthon","[\"maxthon\", function () {","  try {","    if (external && (external.mxVersion || external.max_version)) {","      return {","        version: external.mxVersion || external.max_version","      };","    }","  } catch (ex) {/* */}","  return (/\\b(?:maxthon|mxbrowser)(?:[ \\/]([0-9.]+))?/","  );","}], [\"micromessenger\", /\\bmicromessenger\\/([\\d.]+)/], [\"qq\", /\\bm?qqbrowser\\/([0-9.]+)/], [\"green\", \"greenbrowser\"], [\"tt\", /\\btencenttraveler ([0-9.]+)/], [\"liebao\", function (ua) {","  if (ua.indexOf(\"liebaofast\") >= 0) {","    return (/\\bliebaofast\\/([0-9.]+)/","    );","  }","  if (ua.indexOf(\"lbbrowser\") === -1) {","    return false;","  }","  var version = void 0;","  try {","    if (external && external.LiebaoGetVersion) {","      version = external.LiebaoGetVersion();","    }","  } catch (ex) {/* */}","  return {","    version: version || NA_VERSION","  };","}], [\"tao\", /\\btaobrowser\\/([0-9.]+)/], [\"coolnovo\", /\\bcoolnovo\\/([0-9.]+)/], [\"saayaa\", \"saayaa\"],","// 有基于 Chromniun 的急速模式和基于 IE 的兼容模式。必须在 IE 的规则之前。","[\"baidu\", /\\b(?:ba?idubrowser|baiduhd)[ \\/]([0-9.x]+)/],","// 后面会做修复版本号，这里只要能识别是 IE 即可。","[\"ie\", re_msie], [\"mi\", /\\bmiuibrowser\\/([0-9.]+)/],","// Opera 15 之后开始使用 Chromniun 内核，需要放在 Chrome 的规则之前。","[\"opera\", function (ua) {","  var re_opera_old = /\\bopera.+version\\/([0-9.ab]+)/;","  var re_opera_new = /\\bopr\\/([0-9.]+)/;","  return re_opera_old.test(ua) ? re_opera_old : re_opera_new;","}], [\"oupeng\", /\\boupeng\\/([0-9.]+)/], [\"yandex\", /yabrowser\\/([0-9.]+)/],","// 支付宝手机客户端","[\"ali-ap\", function (ua) {","  if (ua.indexOf(\"aliapp\") > 0) {","    return (/\\baliapp\\(ap\\/([0-9.]+)\\)/","    );","  } else {","    return (/\\balipayclient\\/([0-9.]+)\\b/","    );","  }","}],","// 支付宝平板客户端","[\"ali-ap-pd\", /\\baliapp\\(ap-pd\\/([0-9.]+)\\)/],","// 支付宝商户客户端","[\"ali-am\", /\\baliapp\\(am\\/([0-9.]+)\\)/],","// 淘宝手机客户端","[\"ali-tb\", /\\baliapp\\(tb\\/([0-9.]+)\\)/],","// 淘宝平板客户端","[\"ali-tb-pd\", /\\baliapp\\(tb-pd\\/([0-9.]+)\\)/],","// 天猫手机客户端","[\"ali-tm\", /\\baliapp\\(tm\\/([0-9.]+)\\)/],","// 天猫平板客户端","[\"ali-tm-pd\", /\\baliapp\\(tm-pd\\/([0-9.]+)\\)/],","// UC 浏览器，可能会被识别为 Android 浏览器，规则需要前置。","// UC 桌面版浏览器携带 Chrome 信息，需要放在 Chrome 之前。","[\"uc\", function (ua) {","  if (ua.indexOf(\"ucbrowser/\") >= 0) {","    return (/\\bucbrowser\\/([0-9.]+)/","    );","  } else if (ua.indexOf(\"ubrowser/\") >= 0) {","    return (/\\bubrowser\\/([0-9.]+)/","    );","  } else if (/\\buc\\/[0-9]/.test(ua)) {","    return (/\\buc\\/([0-9.]+)/","    );","  } else if (ua.indexOf(\"ucweb\") >= 0) {","    // `ucweb/2.0` is compony info.","    // `UCWEB8.7.2.214/145/800` is browser info.","    return (/\\bucweb([0-9.]+)?/","    );","  } else {","    return (/\\b(?:ucbrowser|uc)\\b/","    );","  }","}], [\"chrome\", / (?:chrome|crios|crmo)\\/([0-9.]+)/],","// Android 默认浏览器。该规则需要在 safari 之前。","[\"android\", function (ua) {","  if (ua.indexOf(\"android\") === -1) {","    return;","  }","  return (/\\bversion\\/([0-9.]+(?: beta)?)/","  );","}], [\"blackberry\", function (ua) {","  var m = ua.match(re_blackberry_10) || ua.match(re_blackberry_6_7) || ua.match(re_blackberry_4_5);","  return m ? { version: m[1] } : \"blackberry\";","}], [\"safari\", /\\bversion\\/([0-9.]+(?: beta)?)(?: mobile(?:\\/[a-z0-9]+)?)? safari\\//],","// 如果不能被识别为 Safari，则猜测是 WebView。","[\"webview\", /\\bcpu(?: iphone)? os (?:[0-9._]+).+\\bapplewebkit\\b/], [\"firefox\", /\\bfirefox\\/([0-9.ab]+)/], [\"nokia\", /\\bnokiabrowser\\/([0-9.]+)/]];","","module.exports = {","  device: DEVICES,","  os: OS,","  browser: BROWSER,","  engine: ENGINE,","  re_msie: re_msie","};"],"l":{"3":1,"4":1,"5":1,"6":1,"7":1,"8":1,"10":1,"14":1,"17":0,"18":0,"21":0,"27":0,"28":0,"31":0,"35":0,"43":0,"45":0,"46":0,"47":0,"49":0,"50":0,"52":0,"56":0,"57":0,"60":0,"66":0,"67":0,"70":0,"76":0,"77":0,"80":0,"84":0,"85":0,"88":0,"92":1,"93":0,"94":0,"96":0,"97":0,"99":0,"100":0,"103":0,"105":0,"106":0,"108":0,"109":0,"112":0,"116":0,"117":0,"119":0,"120":0,"121":0,"124":0,"128":0,"131":0,"132":0,"138":1,"139":0,"140":0,"142":0,"145":0,"149":0,"150":0,"152":0,"153":0,"155":0,"156":0,"161":1,"162":0,"164":0,"165":0,"166":0,"171":1,"176":0,"177":0,"179":0,"180":0,"182":0,"190":0,"191":0,"192":0,"194":0,"199":0,"200":0,"201":0,"203":0,"204":0,"207":0,"212":0,"213":0,"214":0,"219":0,"222":0,"223":0,"226":0,"227":0,"229":0,"230":0,"231":0,"232":0,"235":0,"245":0,"246":0,"247":0,"251":0,"252":0,"255":0,"274":0,"275":0,"277":0,"278":0,"280":0,"281":0,"283":0,"286":0,"289":0,"295":0,"296":0,"298":0,"301":0,"302":0,"307":1}}}